
  .   ____          _            __ _ _
 /\\ / ___'_ __ _ _(_)_ __  __ _ \ \ \ \
( ( )\___ | '_ | '_| | '_ \/ _` | \ \ \ \
 \\/  ___)| |_)| | | | | || (_| |  ) ) ) )
  '  |____| .__|_| |_|_| |_\__, | / / / /
 =========|_|==============|___/=/_/_/_/
 :: Spring Boot ::                (v3.1.5)

2025-10-21T15:35:32.524+05:30  INFO 53212 --- [           main] c.finova.gateway.ApiGatewayApplication   : Starting ApiGatewayApplication v1.0.0 using Java 17.0.16 with PID 53212 (/Users/architgupta/POCs/finova-app-microservices/api-gateway/target/api-gateway-1.0.0.jar started by architgupta in /Users/architgupta/POCs/finova-app-microservices/api-gateway)
2025-10-21T15:35:32.525+05:30  INFO 53212 --- [           main] c.finova.gateway.ApiGatewayApplication   : No active profile set, falling back to 1 default profile: "default"
2025-10-21T15:35:32.959+05:30  INFO 53212 --- [           main] o.s.cloud.context.scope.GenericScope     : BeanFactory id=cfa56a30-dc5f-396c-9964-e097a47dbefe
2025-10-21T15:35:33.028+05:30 DEBUG 53212 --- [           main] reactor.netty.tcp.TcpResources           : [http] resources will use the default LoopResources: DefaultLoopResources {prefix=reactor-http, daemon=true, selectCount=10, workerCount=10}
2025-10-21T15:35:33.028+05:30 DEBUG 53212 --- [           main] reactor.netty.tcp.TcpResources           : [http] resources will use the default ConnectionProvider: reactor.netty.resources.DefaultPooledConnectionProvider@4b41dd5c
2025-10-21T15:35:33.202+05:30 DEBUG 53212 --- [           main] o.s.c.gateway.config.GatewayProperties   : Routes supplied from Gateway Properties: [RouteDefinition{id='user-service', predicates=[PredicateDefinition{name='Path', args={_genkey_0=/api/users/**, _genkey_1=/api/auth/**}}], filters=[], uri=http://localhost:8081, order=0, metadata={}}, RouteDefinition{id='account-service', predicates=[PredicateDefinition{name='Path', args={_genkey_0=/api/accounts/**, _genkey_1=/api/contributions/**, _genkey_2=/api/income-sources/**, _genkey_3=/api/dashboard/**}}], filters=[], uri=http://localhost:8082, order=0, metadata={}}, RouteDefinition{id='planning-service', predicates=[PredicateDefinition{name='Path', args={_genkey_0=/api/planning/**, _genkey_1=/api/calculators/**}}], filters=[], uri=http://localhost:8083, order=0, metadata={}}, RouteDefinition{id='payment-service', predicates=[PredicateDefinition{name='Path', args={_genkey_0=/api/subscriptions/**, _genkey_1=/api/payments/**}}], filters=[], uri=http://localhost:8084, order=0, metadata={}}, RouteDefinition{id='analytics-service', predicates=[PredicateDefinition{name='Path', args={_genkey_0=/api/analytics/**, _genkey_1=/api/reports/**}}], filters=[], uri=http://localhost:8085, order=0, metadata={}}]
2025-10-21T15:35:33.318+05:30  INFO 53212 --- [           main] o.s.c.g.r.RouteDefinitionRouteLocator    : Loaded RoutePredicateFactory [After]
2025-10-21T15:35:33.318+05:30  INFO 53212 --- [           main] o.s.c.g.r.RouteDefinitionRouteLocator    : Loaded RoutePredicateFactory [Before]
2025-10-21T15:35:33.319+05:30  INFO 53212 --- [           main] o.s.c.g.r.RouteDefinitionRouteLocator    : Loaded RoutePredicateFactory [Between]
2025-10-21T15:35:33.319+05:30  INFO 53212 --- [           main] o.s.c.g.r.RouteDefinitionRouteLocator    : Loaded RoutePredicateFactory [Cookie]
2025-10-21T15:35:33.319+05:30  INFO 53212 --- [           main] o.s.c.g.r.RouteDefinitionRouteLocator    : Loaded RoutePredicateFactory [Header]
2025-10-21T15:35:33.319+05:30  INFO 53212 --- [           main] o.s.c.g.r.RouteDefinitionRouteLocator    : Loaded RoutePredicateFactory [Host]
2025-10-21T15:35:33.319+05:30  INFO 53212 --- [           main] o.s.c.g.r.RouteDefinitionRouteLocator    : Loaded RoutePredicateFactory [Method]
2025-10-21T15:35:33.319+05:30  INFO 53212 --- [           main] o.s.c.g.r.RouteDefinitionRouteLocator    : Loaded RoutePredicateFactory [Path]
2025-10-21T15:35:33.319+05:30  INFO 53212 --- [           main] o.s.c.g.r.RouteDefinitionRouteLocator    : Loaded RoutePredicateFactory [Query]
2025-10-21T15:35:33.319+05:30  INFO 53212 --- [           main] o.s.c.g.r.RouteDefinitionRouteLocator    : Loaded RoutePredicateFactory [ReadBody]
2025-10-21T15:35:33.319+05:30  INFO 53212 --- [           main] o.s.c.g.r.RouteDefinitionRouteLocator    : Loaded RoutePredicateFactory [RemoteAddr]
2025-10-21T15:35:33.319+05:30  INFO 53212 --- [           main] o.s.c.g.r.RouteDefinitionRouteLocator    : Loaded RoutePredicateFactory [XForwardedRemoteAddr]
2025-10-21T15:35:33.319+05:30  INFO 53212 --- [           main] o.s.c.g.r.RouteDefinitionRouteLocator    : Loaded RoutePredicateFactory [Weight]
2025-10-21T15:35:33.319+05:30  INFO 53212 --- [           main] o.s.c.g.r.RouteDefinitionRouteLocator    : Loaded RoutePredicateFactory [CloudFoundryRouteService]
2025-10-21T15:35:33.359+05:30 DEBUG 53212 --- [           main] s.w.r.r.m.a.RequestMappingHandlerMapping : 1 mappings in 'requestMappingHandlerMapping'
2025-10-21T15:35:33.363+05:30 DEBUG 53212 --- [           main] o.s.w.r.handler.SimpleUrlHandlerMapping  : Patterns [/webjars/**, /**] in 'resourceHandlerMapping'
2025-10-21T15:35:33.407+05:30  INFO 53212 --- [           main] o.s.b.a.e.web.EndpointLinksResolver      : Exposing 4 endpoint(s) beneath base path '/actuator'
2025-10-21T15:35:33.426+05:30 DEBUG 53212 --- [           main] o.s.w.r.r.m.a.ControllerMethodResolver   : ControllerAdvice beans: none
2025-10-21T15:35:33.499+05:30 DEBUG 53212 --- [           main] r.netty.resources.DefaultLoopIOUring     : Default io_uring support : false
2025-10-21T15:35:33.503+05:30 DEBUG 53212 --- [           main] r.netty.resources.DefaultLoopEpoll       : Default Epoll support : false
2025-10-21T15:35:33.504+05:30 DEBUG 53212 --- [           main] r.netty.resources.DefaultLoopKQueue      : Default KQueue support : false
2025-10-21T15:35:33.536+05:30 DEBUG 53212 --- [ctor-http-nio-1] r.netty.transport.ServerTransport        : [b25f4454, L:/[0:0:0:0:0:0:0:0]:8080] Bound new server
2025-10-21T15:35:33.537+05:30  INFO 53212 --- [           main] o.s.b.web.embedded.netty.NettyWebServer  : Netty started on port 8080
2025-10-21T15:35:33.556+05:30 DEBUG 53212 --- [           main] o.s.c.g.r.RouteDefinitionRouteLocator    : RouteDefinition user-service applying {_genkey_0=/api/users/**, _genkey_1=/api/auth/**} to Path
2025-10-21T15:35:33.563+05:30 DEBUG 53212 --- [           main] o.s.c.g.r.RouteDefinitionRouteLocator    : RouteDefinition matched: user-service
2025-10-21T15:35:33.564+05:30 DEBUG 53212 --- [           main] o.s.c.g.r.RouteDefinitionRouteLocator    : RouteDefinition account-service applying {_genkey_0=/api/accounts/**, _genkey_1=/api/contributions/**, _genkey_2=/api/income-sources/**, _genkey_3=/api/dashboard/**} to Path
2025-10-21T15:35:33.564+05:30 DEBUG 53212 --- [           main] o.s.c.g.r.RouteDefinitionRouteLocator    : RouteDefinition matched: account-service
2025-10-21T15:35:33.564+05:30 DEBUG 53212 --- [           main] o.s.c.g.r.RouteDefinitionRouteLocator    : RouteDefinition planning-service applying {_genkey_0=/api/planning/**, _genkey_1=/api/calculators/**} to Path
2025-10-21T15:35:33.564+05:30 DEBUG 53212 --- [           main] o.s.c.g.r.RouteDefinitionRouteLocator    : RouteDefinition matched: planning-service
2025-10-21T15:35:33.564+05:30 DEBUG 53212 --- [           main] o.s.c.g.r.RouteDefinitionRouteLocator    : RouteDefinition payment-service applying {_genkey_0=/api/subscriptions/**, _genkey_1=/api/payments/**} to Path
2025-10-21T15:35:33.565+05:30 DEBUG 53212 --- [           main] o.s.c.g.r.RouteDefinitionRouteLocator    : RouteDefinition matched: payment-service
2025-10-21T15:35:33.565+05:30 DEBUG 53212 --- [           main] o.s.c.g.r.RouteDefinitionRouteLocator    : RouteDefinition analytics-service applying {_genkey_0=/api/analytics/**, _genkey_1=/api/reports/**} to Path
2025-10-21T15:35:33.565+05:30 DEBUG 53212 --- [           main] o.s.c.g.r.RouteDefinitionRouteLocator    : RouteDefinition matched: analytics-service
2025-10-21T15:35:33.567+05:30 DEBUG 53212 --- [           main] o.s.c.g.filter.GatewayMetricsFilter      : New routes count: 5
2025-10-21T15:35:33.568+05:30  INFO 53212 --- [           main] c.finova.gateway.ApiGatewayApplication   : Started ApiGatewayApplication in 1.268 seconds (process running for 1.498)
2025-10-21T15:35:35.686+05:30 DEBUG 53212 --- [ctor-http-nio-2] r.n.http.server.HttpServerOperations     : [8e97da27, L:/[0:0:0:0:0:0:0:1]:8080 - R:/[0:0:0:0:0:0:0:1]:49890] New http connection, requesting read
2025-10-21T15:35:35.694+05:30 DEBUG 53212 --- [ctor-http-nio-2] r.netty.transport.TransportConfig        : [8e97da27, L:/[0:0:0:0:0:0:0:1]:8080 - R:/[0:0:0:0:0:0:0:1]:49890] Initialized pipeline DefaultChannelPipeline{(reactor.left.httpCodec = io.netty.handler.codec.http.HttpServerCodec), (reactor.left.httpTrafficHandler = reactor.netty.http.server.HttpTrafficHandler), (reactor.right.reactiveBridge = reactor.netty.channel.ChannelOperationsHandler)}
2025-10-21T15:35:35.747+05:30 DEBUG 53212 --- [ctor-http-nio-2] r.n.http.server.HttpServerOperations     : [8e97da27, L:/[0:0:0:0:0:0:0:1]:8080 - R:/[0:0:0:0:0:0:0:1]:49890] Increasing pending responses, now 1
2025-10-21T15:35:35.756+05:30 DEBUG 53212 --- [ctor-http-nio-2] reactor.netty.http.server.HttpServer     : [8e97da27-1, L:/[0:0:0:0:0:0:0:1]:8080 - R:/[0:0:0:0:0:0:0:1]:49890] Handler is being applied: org.springframework.http.server.reactive.ReactorHttpHandlerAdapter@23dfb84a
2025-10-21T15:35:35.798+05:30 DEBUG 53212 --- [ctor-http-nio-2] r.n.http.server.HttpServerOperations     : [8e97da27-1, L:/[0:0:0:0:0:0:0:1]:8080 - R:/[0:0:0:0:0:0:0:1]:49890] Last HTTP response frame
2025-10-21T15:35:35.798+05:30 DEBUG 53212 --- [ctor-http-nio-2] r.n.http.server.HttpServerOperations     : [8e97da27-1, L:/[0:0:0:0:0:0:0:1]:8080 - R:/[0:0:0:0:0:0:0:1]:49890] No sendHeaders() called before complete, sending zero-length header
2025-10-21T15:35:35.799+05:30 DEBUG 53212 --- [ctor-http-nio-2] r.n.http.server.HttpServerOperations     : [8e97da27-1, L:/[0:0:0:0:0:0:0:1]:8080 - R:/[0:0:0:0:0:0:0:1]:49890] Decreasing pending responses, now 0
2025-10-21T15:35:35.799+05:30 DEBUG 53212 --- [ctor-http-nio-2] r.n.http.server.HttpServerOperations     : [8e97da27-1, L:/[0:0:0:0:0:0:0:1]:8080 - R:/[0:0:0:0:0:0:0:1]:49890] Last HTTP packet was sent, terminating the channel
2025-10-21T15:35:35.799+05:30 DEBUG 53212 --- [ctor-http-nio-2] r.netty.channel.ChannelOperations        : [8e97da27-1, L:/[0:0:0:0:0:0:0:1]:8080 - R:/[0:0:0:0:0:0:0:1]:49890] [HttpServer] Channel inbound receiver cancelled (subscription disposed).
2025-10-21T15:35:35.800+05:30 DEBUG 53212 --- [ctor-http-nio-2] r.n.channel.ChannelOperationsHandler     : [8e97da27, L:/[0:0:0:0:0:0:0:1]:8080 - R:/[0:0:0:0:0:0:0:1]:49890] No ChannelOperation attached.
2025-10-21T15:35:35.801+05:30 DEBUG 53212 --- [ctor-http-nio-2] r.n.http.server.HttpServerOperations     : [8e97da27, L:/[0:0:0:0:0:0:0:1]:8080 - R:/[0:0:0:0:0:0:0:1]:49890] Increasing pending responses, now 1
2025-10-21T15:35:35.801+05:30 DEBUG 53212 --- [ctor-http-nio-2] reactor.netty.http.server.HttpServer     : [8e97da27-2, L:/[0:0:0:0:0:0:0:1]:8080 - R:/[0:0:0:0:0:0:0:1]:49890] Handler is being applied: org.springframework.http.server.reactive.ReactorHttpHandlerAdapter@23dfb84a
2025-10-21T15:35:35.817+05:30 DEBUG 53212 --- [ctor-http-nio-2] reactor.netty.ReactorNetty               : [8e97da27-2, L:/[0:0:0:0:0:0:0:1]:8080 - R:/[0:0:0:0:0:0:0:1]:49890] Non Removed handler: reactor.left.readTimeoutHandler, context: null, pipeline: DefaultChannelPipeline{(reactor.left.httpCodec = io.netty.handler.codec.http.HttpServerCodec), (reactor.left.httpTrafficHandler = reactor.netty.http.server.HttpTrafficHandler), (reactor.right.reactiveBridge = reactor.netty.channel.ChannelOperationsHandler)}
2025-10-21T15:35:35.818+05:30 DEBUG 53212 --- [oundedElastic-3] .s.w.r.r.m.a.ResponseEntityResultHandler : [8e97da27-2] Using 'application/vnd.spring-boot.actuator.v3+json' given [*/*] and supported [application/vnd.spring-boot.actuator.v3+json, application/vnd.spring-boot.actuator.v2+json, application/json]
2025-10-21T15:35:35.818+05:30 DEBUG 53212 --- [oundedElastic-3] .s.w.r.r.m.a.ResponseEntityResultHandler : [8e97da27-2] 0..1 [org.springframework.boot.actuate.health.SystemHealth]
2025-10-21T15:35:35.863+05:30 DEBUG 53212 --- [ctor-http-nio-2] r.n.http.server.HttpServerOperations     : [8e97da27-2, L:/[0:0:0:0:0:0:0:1]:8080 - R:/[0:0:0:0:0:0:0:1]:49890] Decreasing pending responses, now 0
2025-10-21T15:35:35.864+05:30 DEBUG 53212 --- [ctor-http-nio-2] r.n.http.server.HttpServerOperations     : [8e97da27-2, L:/[0:0:0:0:0:0:0:1]:8080 - R:/[0:0:0:0:0:0:0:1]:49890] Last HTTP response frame
2025-10-21T15:35:35.864+05:30 DEBUG 53212 --- [ctor-http-nio-2] r.netty.channel.ChannelOperations        : [8e97da27-2, L:/[0:0:0:0:0:0:0:1]:8080 - R:/[0:0:0:0:0:0:0:1]:49890] [HttpServer] Channel inbound receiver cancelled (subscription disposed).
2025-10-21T15:35:35.865+05:30 DEBUG 53212 --- [ctor-http-nio-2] r.n.http.server.HttpServerOperations     : [8e97da27-2, L:/[0:0:0:0:0:0:0:1]:8080 - R:/[0:0:0:0:0:0:0:1]:49890] Last HTTP packet was sent, terminating the channel
2025-10-21T15:35:53.967+05:30 DEBUG 53212 --- [ctor-http-nio-3] r.n.http.server.HttpServerOperations     : [691cb096, L:/[0:0:0:0:0:0:0:1]:8080 - R:/[0:0:0:0:0:0:0:1]:49907] New http connection, requesting read
2025-10-21T15:35:53.973+05:30 DEBUG 53212 --- [ctor-http-nio-3] r.netty.transport.TransportConfig        : [691cb096, L:/[0:0:0:0:0:0:0:1]:8080 - R:/[0:0:0:0:0:0:0:1]:49907] Initialized pipeline DefaultChannelPipeline{(reactor.left.httpCodec = io.netty.handler.codec.http.HttpServerCodec), (reactor.left.httpTrafficHandler = reactor.netty.http.server.HttpTrafficHandler), (reactor.right.reactiveBridge = reactor.netty.channel.ChannelOperationsHandler)}
2025-10-21T15:35:53.976+05:30 DEBUG 53212 --- [ctor-http-nio-3] r.n.http.server.HttpServerOperations     : [691cb096, L:/[0:0:0:0:0:0:0:1]:8080 - R:/[0:0:0:0:0:0:0:1]:49907] Increasing pending responses, now 1
2025-10-21T15:35:53.976+05:30 DEBUG 53212 --- [ctor-http-nio-3] reactor.netty.http.server.HttpServer     : [691cb096-1, L:/[0:0:0:0:0:0:0:1]:8080 - R:/[0:0:0:0:0:0:0:1]:49907] Handler is being applied: org.springframework.http.server.reactive.ReactorHttpHandlerAdapter@23dfb84a
2025-10-21T15:35:53.985+05:30 DEBUG 53212 --- [ctor-http-nio-3] reactor.netty.ReactorNetty               : [691cb096-1, L:/[0:0:0:0:0:0:0:1]:8080 - R:/[0:0:0:0:0:0:0:1]:49907] Non Removed handler: reactor.left.readTimeoutHandler, context: null, pipeline: DefaultChannelPipeline{(reactor.left.httpCodec = io.netty.handler.codec.http.HttpServerCodec), (reactor.left.httpTrafficHandler = reactor.netty.http.server.HttpTrafficHandler), (reactor.right.reactiveBridge = reactor.netty.channel.ChannelOperationsHandler)}
2025-10-21T15:35:53.986+05:30 DEBUG 53212 --- [oundedElastic-2] .s.w.r.r.m.a.ResponseEntityResultHandler : [691cb096-3] Using 'application/vnd.spring-boot.actuator.v3+json' given [*/*] and supported [application/vnd.spring-boot.actuator.v3+json, application/vnd.spring-boot.actuator.v2+json, application/json]
2025-10-21T15:35:53.986+05:30 DEBUG 53212 --- [oundedElastic-2] .s.w.r.r.m.a.ResponseEntityResultHandler : [691cb096-3] 0..1 [org.springframework.boot.actuate.health.SystemHealth]
2025-10-21T15:35:53.991+05:30 DEBUG 53212 --- [ctor-http-nio-3] r.n.http.server.HttpServerOperations     : [691cb096-1, L:/[0:0:0:0:0:0:0:1]:8080 - R:/[0:0:0:0:0:0:0:1]:49907] Decreasing pending responses, now 0
2025-10-21T15:35:53.992+05:30 DEBUG 53212 --- [ctor-http-nio-3] r.n.http.server.HttpServerOperations     : [691cb096-1, L:/[0:0:0:0:0:0:0:1]:8080 - R:/[0:0:0:0:0:0:0:1]:49907] Last HTTP response frame
2025-10-21T15:35:53.992+05:30 DEBUG 53212 --- [ctor-http-nio-3] r.netty.channel.ChannelOperations        : [691cb096-1, L:/[0:0:0:0:0:0:0:1]:8080 - R:/[0:0:0:0:0:0:0:1]:49907] [HttpServer] Channel inbound receiver cancelled (subscription disposed).
2025-10-21T15:35:53.992+05:30 DEBUG 53212 --- [ctor-http-nio-3] r.n.http.server.HttpServerOperations     : [691cb096-1, L:/[0:0:0:0:0:0:0:1]:8080 - R:/[0:0:0:0:0:0:0:1]:49907] Last HTTP packet was sent, terminating the channel
2025-10-21T15:36:10.045+05:30 DEBUG 53212 --- [ctor-http-nio-4] r.n.http.server.HttpServerOperations     : [af868868, L:/[0:0:0:0:0:0:0:1]:8080 - R:/[0:0:0:0:0:0:0:1]:49931] New http connection, requesting read
2025-10-21T15:36:10.046+05:30 DEBUG 53212 --- [ctor-http-nio-4] r.netty.transport.TransportConfig        : [af868868, L:/[0:0:0:0:0:0:0:1]:8080 - R:/[0:0:0:0:0:0:0:1]:49931] Initialized pipeline DefaultChannelPipeline{(reactor.left.httpCodec = io.netty.handler.codec.http.HttpServerCodec), (reactor.left.httpTrafficHandler = reactor.netty.http.server.HttpTrafficHandler), (reactor.right.reactiveBridge = reactor.netty.channel.ChannelOperationsHandler)}
2025-10-21T15:36:10.048+05:30 DEBUG 53212 --- [ctor-http-nio-4] r.n.http.server.HttpServerOperations     : [af868868, L:/[0:0:0:0:0:0:0:1]:8080 - R:/[0:0:0:0:0:0:0:1]:49931] Increasing pending responses, now 1
2025-10-21T15:36:10.049+05:30 DEBUG 53212 --- [ctor-http-nio-4] reactor.netty.http.server.HttpServer     : [af868868-1, L:/[0:0:0:0:0:0:0:1]:8080 - R:/[0:0:0:0:0:0:0:1]:49931] Handler is being applied: org.springframework.http.server.reactive.ReactorHttpHandlerAdapter@23dfb84a
2025-10-21T15:36:10.061+05:30 DEBUG 53212 --- [ctor-http-nio-4] reactor.netty.ReactorNetty               : [af868868-1, L:/[0:0:0:0:0:0:0:1]:8080 - R:/[0:0:0:0:0:0:0:1]:49931] Non Removed handler: reactor.left.readTimeoutHandler, context: null, pipeline: DefaultChannelPipeline{(reactor.left.httpCodec = io.netty.handler.codec.http.HttpServerCodec), (reactor.left.httpTrafficHandler = reactor.netty.http.server.HttpTrafficHandler), (reactor.right.reactiveBridge = reactor.netty.channel.ChannelOperationsHandler)}
2025-10-21T15:36:10.062+05:30 DEBUG 53212 --- [oundedElastic-3] .s.w.r.r.m.a.ResponseEntityResultHandler : [af868868-4] Using 'application/vnd.spring-boot.actuator.v3+json' given [*/*] and supported [application/vnd.spring-boot.actuator.v3+json, application/vnd.spring-boot.actuator.v2+json, application/json]
2025-10-21T15:36:10.062+05:30 DEBUG 53212 --- [oundedElastic-3] .s.w.r.r.m.a.ResponseEntityResultHandler : [af868868-4] 0..1 [org.springframework.boot.actuate.health.SystemHealth]
2025-10-21T15:36:10.064+05:30 DEBUG 53212 --- [oundedElastic-3] r.n.http.server.HttpServerOperations     : [af868868-1, L:/[0:0:0:0:0:0:0:1]:8080 - R:/[0:0:0:0:0:0:0:1]:49931] Last HTTP response frame
2025-10-21T15:36:10.064+05:30 DEBUG 53212 --- [oundedElastic-3] r.n.http.server.HttpServerOperations     : [af868868-1, L:/[0:0:0:0:0:0:0:1]:8080 - R:/[0:0:0:0:0:0:0:1]:49931] No sendHeaders() called before complete, sending zero-length header
2025-10-21T15:36:10.065+05:30 DEBUG 53212 --- [ctor-http-nio-4] r.n.http.server.HttpServerOperations     : [af868868-1, L:/[0:0:0:0:0:0:0:1]:8080 - R:/[0:0:0:0:0:0:0:1]:49931] Decreasing pending responses, now 0
2025-10-21T15:36:10.065+05:30 DEBUG 53212 --- [ctor-http-nio-4] r.netty.channel.ChannelOperations        : [af868868-1, L:/[0:0:0:0:0:0:0:1]:8080 - R:/[0:0:0:0:0:0:0:1]:49931] [HttpServer] Channel inbound receiver cancelled (subscription disposed).
2025-10-21T15:36:10.065+05:30 DEBUG 53212 --- [ctor-http-nio-4] r.n.http.server.HttpServerOperations     : [af868868-1, L:/[0:0:0:0:0:0:0:1]:8080 - R:/[0:0:0:0:0:0:0:1]:49931] Last HTTP packet was sent, terminating the channel
2025-10-21T15:36:23.964+05:30 DEBUG 53212 --- [ctor-http-nio-5] r.n.http.server.HttpServerOperations     : [81ad043d, L:/[0:0:0:0:0:0:0:1]:8080 - R:/[0:0:0:0:0:0:0:1]:49955] New http connection, requesting read
2025-10-21T15:36:23.965+05:30 DEBUG 53212 --- [ctor-http-nio-5] r.netty.transport.TransportConfig        : [81ad043d, L:/[0:0:0:0:0:0:0:1]:8080 - R:/[0:0:0:0:0:0:0:1]:49955] Initialized pipeline DefaultChannelPipeline{(reactor.left.httpCodec = io.netty.handler.codec.http.HttpServerCodec), (reactor.left.httpTrafficHandler = reactor.netty.http.server.HttpTrafficHandler), (reactor.right.reactiveBridge = reactor.netty.channel.ChannelOperationsHandler)}
2025-10-21T15:36:23.967+05:30 DEBUG 53212 --- [ctor-http-nio-5] r.n.http.server.HttpServerOperations     : [81ad043d, L:/[0:0:0:0:0:0:0:1]:8080 - R:/[0:0:0:0:0:0:0:1]:49955] Increasing pending responses, now 1
2025-10-21T15:36:23.967+05:30 DEBUG 53212 --- [ctor-http-nio-5] reactor.netty.http.server.HttpServer     : [81ad043d-1, L:/[0:0:0:0:0:0:0:1]:8080 - R:/[0:0:0:0:0:0:0:1]:49955] Handler is being applied: org.springframework.http.server.reactive.ReactorHttpHandlerAdapter@23dfb84a
2025-10-21T15:36:23.970+05:30 DEBUG 53212 --- [ctor-http-nio-5] reactor.netty.ReactorNetty               : [81ad043d-1, L:/[0:0:0:0:0:0:0:1]:8080 - R:/[0:0:0:0:0:0:0:1]:49955] Non Removed handler: reactor.left.readTimeoutHandler, context: null, pipeline: DefaultChannelPipeline{(reactor.left.httpCodec = io.netty.handler.codec.http.HttpServerCodec), (reactor.left.httpTrafficHandler = reactor.netty.http.server.HttpTrafficHandler), (reactor.right.reactiveBridge = reactor.netty.channel.ChannelOperationsHandler)}
2025-10-21T15:36:23.970+05:30 DEBUG 53212 --- [oundedElastic-4] .s.w.r.r.m.a.ResponseEntityResultHandler : [81ad043d-5] Using 'application/vnd.spring-boot.actuator.v3+json' given [*/*] and supported [application/vnd.spring-boot.actuator.v3+json, application/vnd.spring-boot.actuator.v2+json, application/json]
2025-10-21T15:36:23.970+05:30 DEBUG 53212 --- [oundedElastic-4] .s.w.r.r.m.a.ResponseEntityResultHandler : [81ad043d-5] 0..1 [org.springframework.boot.actuate.health.SystemHealth]
2025-10-21T15:36:23.972+05:30 DEBUG 53212 --- [ctor-http-nio-5] r.n.http.server.HttpServerOperations     : [81ad043d-1, L:/[0:0:0:0:0:0:0:1]:8080 - R:/[0:0:0:0:0:0:0:1]:49955] Decreasing pending responses, now 0
2025-10-21T15:36:23.972+05:30 DEBUG 53212 --- [ctor-http-nio-5] r.n.http.server.HttpServerOperations     : [81ad043d-1, L:/[0:0:0:0:0:0:0:1]:8080 - R:/[0:0:0:0:0:0:0:1]:49955] Last HTTP response frame
2025-10-21T15:36:23.972+05:30 DEBUG 53212 --- [ctor-http-nio-5] r.netty.channel.ChannelOperations        : [81ad043d-1, L:/[0:0:0:0:0:0:0:1]:8080 - R:/[0:0:0:0:0:0:0:1]:49955] [HttpServer] Channel inbound receiver cancelled (subscription disposed).
2025-10-21T15:36:23.972+05:30 DEBUG 53212 --- [ctor-http-nio-5] r.n.http.server.HttpServerOperations     : [81ad043d-1, L:/[0:0:0:0:0:0:0:1]:8080 - R:/[0:0:0:0:0:0:0:1]:49955] Last HTTP packet was sent, terminating the channel
2025-10-21T15:36:53.961+05:30 DEBUG 53212 --- [ctor-http-nio-6] r.n.http.server.HttpServerOperations     : [127e590d, L:/[0:0:0:0:0:0:0:1]:8080 - R:/[0:0:0:0:0:0:0:1]:49979] New http connection, requesting read
2025-10-21T15:36:53.963+05:30 DEBUG 53212 --- [ctor-http-nio-6] r.netty.transport.TransportConfig        : [127e590d, L:/[0:0:0:0:0:0:0:1]:8080 - R:/[0:0:0:0:0:0:0:1]:49979] Initialized pipeline DefaultChannelPipeline{(reactor.left.httpCodec = io.netty.handler.codec.http.HttpServerCodec), (reactor.left.httpTrafficHandler = reactor.netty.http.server.HttpTrafficHandler), (reactor.right.reactiveBridge = reactor.netty.channel.ChannelOperationsHandler)}
2025-10-21T15:36:53.967+05:30 DEBUG 53212 --- [ctor-http-nio-6] r.n.http.server.HttpServerOperations     : [127e590d, L:/[0:0:0:0:0:0:0:1]:8080 - R:/[0:0:0:0:0:0:0:1]:49979] Increasing pending responses, now 1
2025-10-21T15:36:53.968+05:30 DEBUG 53212 --- [ctor-http-nio-6] reactor.netty.http.server.HttpServer     : [127e590d-1, L:/[0:0:0:0:0:0:0:1]:8080 - R:/[0:0:0:0:0:0:0:1]:49979] Handler is being applied: org.springframework.http.server.reactive.ReactorHttpHandlerAdapter@23dfb84a
2025-10-21T15:36:53.971+05:30 DEBUG 53212 --- [ctor-http-nio-6] reactor.netty.ReactorNetty               : [127e590d-1, L:/[0:0:0:0:0:0:0:1]:8080 - R:/[0:0:0:0:0:0:0:1]:49979] Non Removed handler: reactor.left.readTimeoutHandler, context: null, pipeline: DefaultChannelPipeline{(reactor.left.httpCodec = io.netty.handler.codec.http.HttpServerCodec), (reactor.left.httpTrafficHandler = reactor.netty.http.server.HttpTrafficHandler), (reactor.right.reactiveBridge = reactor.netty.channel.ChannelOperationsHandler)}
2025-10-21T15:36:53.971+05:30 DEBUG 53212 --- [oundedElastic-3] .s.w.r.r.m.a.ResponseEntityResultHandler : [127e590d-6] Using 'application/vnd.spring-boot.actuator.v3+json' given [*/*] and supported [application/vnd.spring-boot.actuator.v3+json, application/vnd.spring-boot.actuator.v2+json, application/json]
2025-10-21T15:36:53.971+05:30 DEBUG 53212 --- [oundedElastic-3] .s.w.r.r.m.a.ResponseEntityResultHandler : [127e590d-6] 0..1 [org.springframework.boot.actuate.health.SystemHealth]
2025-10-21T15:36:53.972+05:30 DEBUG 53212 --- [ctor-http-nio-6] r.n.http.server.HttpServerOperations     : [127e590d-1, L:/[0:0:0:0:0:0:0:1]:8080 - R:/[0:0:0:0:0:0:0:1]:49979] Decreasing pending responses, now 0
2025-10-21T15:36:53.972+05:30 DEBUG 53212 --- [ctor-http-nio-6] r.n.http.server.HttpServerOperations     : [127e590d-1, L:/[0:0:0:0:0:0:0:1]:8080 - R:/[0:0:0:0:0:0:0:1]:49979] Last HTTP response frame
2025-10-21T15:36:53.972+05:30 DEBUG 53212 --- [ctor-http-nio-6] r.netty.channel.ChannelOperations        : [127e590d-1, L:/[0:0:0:0:0:0:0:1]:8080 - R:/[0:0:0:0:0:0:0:1]:49979] [HttpServer] Channel inbound receiver cancelled (subscription disposed).
2025-10-21T15:36:53.972+05:30 DEBUG 53212 --- [ctor-http-nio-6] r.n.http.server.HttpServerOperations     : [127e590d-1, L:/[0:0:0:0:0:0:0:1]:8080 - R:/[0:0:0:0:0:0:0:1]:49979] Last HTTP packet was sent, terminating the channel
2025-10-21T15:37:23.964+05:30 DEBUG 53212 --- [ctor-http-nio-7] r.n.http.server.HttpServerOperations     : [96d15169, L:/[0:0:0:0:0:0:0:1]:8080 - R:/[0:0:0:0:0:0:0:1]:50013] New http connection, requesting read
2025-10-21T15:37:23.965+05:30 DEBUG 53212 --- [ctor-http-nio-7] r.netty.transport.TransportConfig        : [96d15169, L:/[0:0:0:0:0:0:0:1]:8080 - R:/[0:0:0:0:0:0:0:1]:50013] Initialized pipeline DefaultChannelPipeline{(reactor.left.httpCodec = io.netty.handler.codec.http.HttpServerCodec), (reactor.left.httpTrafficHandler = reactor.netty.http.server.HttpTrafficHandler), (reactor.right.reactiveBridge = reactor.netty.channel.ChannelOperationsHandler)}
2025-10-21T15:37:23.968+05:30 DEBUG 53212 --- [ctor-http-nio-7] r.n.http.server.HttpServerOperations     : [96d15169, L:/[0:0:0:0:0:0:0:1]:8080 - R:/[0:0:0:0:0:0:0:1]:50013] Increasing pending responses, now 1
2025-10-21T15:37:23.968+05:30 DEBUG 53212 --- [ctor-http-nio-7] reactor.netty.http.server.HttpServer     : [96d15169-1, L:/[0:0:0:0:0:0:0:1]:8080 - R:/[0:0:0:0:0:0:0:1]:50013] Handler is being applied: org.springframework.http.server.reactive.ReactorHttpHandlerAdapter@23dfb84a
2025-10-21T15:37:23.970+05:30 DEBUG 53212 --- [ctor-http-nio-7] reactor.netty.ReactorNetty               : [96d15169-1, L:/[0:0:0:0:0:0:0:1]:8080 - R:/[0:0:0:0:0:0:0:1]:50013] Non Removed handler: reactor.left.readTimeoutHandler, context: null, pipeline: DefaultChannelPipeline{(reactor.left.httpCodec = io.netty.handler.codec.http.HttpServerCodec), (reactor.left.httpTrafficHandler = reactor.netty.http.server.HttpTrafficHandler), (reactor.right.reactiveBridge = reactor.netty.channel.ChannelOperationsHandler)}
2025-10-21T15:37:23.970+05:30 DEBUG 53212 --- [oundedElastic-4] .s.w.r.r.m.a.ResponseEntityResultHandler : [96d15169-7] Using 'application/vnd.spring-boot.actuator.v3+json' given [*/*] and supported [application/vnd.spring-boot.actuator.v3+json, application/vnd.spring-boot.actuator.v2+json, application/json]
2025-10-21T15:37:23.970+05:30 DEBUG 53212 --- [oundedElastic-4] .s.w.r.r.m.a.ResponseEntityResultHandler : [96d15169-7] 0..1 [org.springframework.boot.actuate.health.SystemHealth]
2025-10-21T15:37:23.972+05:30 DEBUG 53212 --- [ctor-http-nio-7] r.n.http.server.HttpServerOperations     : [96d15169-1, L:/[0:0:0:0:0:0:0:1]:8080 - R:/[0:0:0:0:0:0:0:1]:50013] Decreasing pending responses, now 0
2025-10-21T15:37:23.972+05:30 DEBUG 53212 --- [ctor-http-nio-7] r.n.http.server.HttpServerOperations     : [96d15169-1, L:/[0:0:0:0:0:0:0:1]:8080 - R:/[0:0:0:0:0:0:0:1]:50013] Last HTTP response frame
2025-10-21T15:37:23.972+05:30 DEBUG 53212 --- [ctor-http-nio-7] r.netty.channel.ChannelOperations        : [96d15169-1, L:/[0:0:0:0:0:0:0:1]:8080 - R:/[0:0:0:0:0:0:0:1]:50013] [HttpServer] Channel inbound receiver cancelled (subscription disposed).
2025-10-21T15:37:23.972+05:30 DEBUG 53212 --- [ctor-http-nio-7] r.n.http.server.HttpServerOperations     : [96d15169-1, L:/[0:0:0:0:0:0:0:1]:8080 - R:/[0:0:0:0:0:0:0:1]:50013] Last HTTP packet was sent, terminating the channel
2025-10-21T15:37:53.966+05:30 DEBUG 53212 --- [ctor-http-nio-8] r.n.http.server.HttpServerOperations     : [7be51c3b, L:/[0:0:0:0:0:0:0:1]:8080 - R:/[0:0:0:0:0:0:0:1]:50031] New http connection, requesting read
2025-10-21T15:37:53.967+05:30 DEBUG 53212 --- [ctor-http-nio-8] r.netty.transport.TransportConfig        : [7be51c3b, L:/[0:0:0:0:0:0:0:1]:8080 - R:/[0:0:0:0:0:0:0:1]:50031] Initialized pipeline DefaultChannelPipeline{(reactor.left.httpCodec = io.netty.handler.codec.http.HttpServerCodec), (reactor.left.httpTrafficHandler = reactor.netty.http.server.HttpTrafficHandler), (reactor.right.reactiveBridge = reactor.netty.channel.ChannelOperationsHandler)}
2025-10-21T15:37:53.969+05:30 DEBUG 53212 --- [ctor-http-nio-8] r.n.http.server.HttpServerOperations     : [7be51c3b, L:/[0:0:0:0:0:0:0:1]:8080 - R:/[0:0:0:0:0:0:0:1]:50031] Increasing pending responses, now 1
2025-10-21T15:37:53.969+05:30 DEBUG 53212 --- [ctor-http-nio-8] reactor.netty.http.server.HttpServer     : [7be51c3b-1, L:/[0:0:0:0:0:0:0:1]:8080 - R:/[0:0:0:0:0:0:0:1]:50031] Handler is being applied: org.springframework.http.server.reactive.ReactorHttpHandlerAdapter@23dfb84a
2025-10-21T15:37:53.972+05:30 DEBUG 53212 --- [ctor-http-nio-8] reactor.netty.ReactorNetty               : [7be51c3b-1, L:/[0:0:0:0:0:0:0:1]:8080 - R:/[0:0:0:0:0:0:0:1]:50031] Non Removed handler: reactor.left.readTimeoutHandler, context: null, pipeline: DefaultChannelPipeline{(reactor.left.httpCodec = io.netty.handler.codec.http.HttpServerCodec), (reactor.left.httpTrafficHandler = reactor.netty.http.server.HttpTrafficHandler), (reactor.right.reactiveBridge = reactor.netty.channel.ChannelOperationsHandler)}
2025-10-21T15:37:53.972+05:30 DEBUG 53212 --- [oundedElastic-2] .s.w.r.r.m.a.ResponseEntityResultHandler : [7be51c3b-8] Using 'application/vnd.spring-boot.actuator.v3+json' given [*/*] and supported [application/vnd.spring-boot.actuator.v3+json, application/vnd.spring-boot.actuator.v2+json, application/json]
2025-10-21T15:37:53.972+05:30 DEBUG 53212 --- [oundedElastic-2] .s.w.r.r.m.a.ResponseEntityResultHandler : [7be51c3b-8] 0..1 [org.springframework.boot.actuate.health.SystemHealth]
2025-10-21T15:37:53.973+05:30 DEBUG 53212 --- [ctor-http-nio-8] r.n.http.server.HttpServerOperations     : [7be51c3b-1, L:/[0:0:0:0:0:0:0:1]:8080 - R:/[0:0:0:0:0:0:0:1]:50031] Decreasing pending responses, now 0
2025-10-21T15:37:53.974+05:30 DEBUG 53212 --- [ctor-http-nio-8] r.n.http.server.HttpServerOperations     : [7be51c3b-1, L:/[0:0:0:0:0:0:0:1]:8080 - R:/[0:0:0:0:0:0:0:1]:50031] Last HTTP response frame
2025-10-21T15:37:53.974+05:30 DEBUG 53212 --- [ctor-http-nio-8] r.netty.channel.ChannelOperations        : [7be51c3b-1, L:/[0:0:0:0:0:0:0:1]:8080 - R:/[0:0:0:0:0:0:0:1]:50031] [HttpServer] Channel inbound receiver cancelled (subscription disposed).
2025-10-21T15:37:53.974+05:30 DEBUG 53212 --- [ctor-http-nio-8] r.n.http.server.HttpServerOperations     : [7be51c3b-1, L:/[0:0:0:0:0:0:0:1]:8080 - R:/[0:0:0:0:0:0:0:1]:50031] Last HTTP packet was sent, terminating the channel
2025-10-21T15:38:58.967+05:30 DEBUG 53212 --- [ctor-http-nio-9] r.n.http.server.HttpServerOperations     : [eefa42cb, L:/[0:0:0:0:0:0:0:1]:8080 - R:/[0:0:0:0:0:0:0:1]:50065] New http connection, requesting read
2025-10-21T15:38:58.968+05:30 DEBUG 53212 --- [ctor-http-nio-9] r.netty.transport.TransportConfig        : [eefa42cb, L:/[0:0:0:0:0:0:0:1]:8080 - R:/[0:0:0:0:0:0:0:1]:50065] Initialized pipeline DefaultChannelPipeline{(reactor.left.httpCodec = io.netty.handler.codec.http.HttpServerCodec), (reactor.left.httpTrafficHandler = reactor.netty.http.server.HttpTrafficHandler), (reactor.right.reactiveBridge = reactor.netty.channel.ChannelOperationsHandler)}
2025-10-21T15:38:58.970+05:30 DEBUG 53212 --- [ctor-http-nio-9] r.n.http.server.HttpServerOperations     : [eefa42cb, L:/[0:0:0:0:0:0:0:1]:8080 - R:/[0:0:0:0:0:0:0:1]:50065] Increasing pending responses, now 1
2025-10-21T15:38:58.971+05:30 DEBUG 53212 --- [ctor-http-nio-9] reactor.netty.http.server.HttpServer     : [eefa42cb-1, L:/[0:0:0:0:0:0:0:1]:8080 - R:/[0:0:0:0:0:0:0:1]:50065] Handler is being applied: org.springframework.http.server.reactive.ReactorHttpHandlerAdapter@23dfb84a
2025-10-21T15:38:58.974+05:30 DEBUG 53212 --- [ctor-http-nio-9] reactor.netty.ReactorNetty               : [eefa42cb-1, L:/[0:0:0:0:0:0:0:1]:8080 - R:/[0:0:0:0:0:0:0:1]:50065] Non Removed handler: reactor.left.readTimeoutHandler, context: null, pipeline: DefaultChannelPipeline{(reactor.left.httpCodec = io.netty.handler.codec.http.HttpServerCodec), (reactor.left.httpTrafficHandler = reactor.netty.http.server.HttpTrafficHandler), (reactor.right.reactiveBridge = reactor.netty.channel.ChannelOperationsHandler)}
2025-10-21T15:38:58.975+05:30 DEBUG 53212 --- [oundedElastic-3] .s.w.r.r.m.a.ResponseEntityResultHandler : [eefa42cb-9] Using 'application/vnd.spring-boot.actuator.v3+json' given [*/*] and supported [application/vnd.spring-boot.actuator.v3+json, application/vnd.spring-boot.actuator.v2+json, application/json]
2025-10-21T15:38:58.975+05:30 DEBUG 53212 --- [oundedElastic-3] .s.w.r.r.m.a.ResponseEntityResultHandler : [eefa42cb-9] 0..1 [org.springframework.boot.actuate.health.SystemHealth]
2025-10-21T15:38:58.977+05:30 DEBUG 53212 --- [ctor-http-nio-9] r.n.http.server.HttpServerOperations     : [eefa42cb-1, L:/[0:0:0:0:0:0:0:1]:8080 - R:/[0:0:0:0:0:0:0:1]:50065] Decreasing pending responses, now 0
2025-10-21T15:38:58.978+05:30 DEBUG 53212 --- [ctor-http-nio-9] r.n.http.server.HttpServerOperations     : [eefa42cb-1, L:/[0:0:0:0:0:0:0:1]:8080 - R:/[0:0:0:0:0:0:0:1]:50065] Last HTTP response frame
2025-10-21T15:38:58.978+05:30 DEBUG 53212 --- [ctor-http-nio-9] r.netty.channel.ChannelOperations        : [eefa42cb-1, L:/[0:0:0:0:0:0:0:1]:8080 - R:/[0:0:0:0:0:0:0:1]:50065] [HttpServer] Channel inbound receiver cancelled (subscription disposed).
2025-10-21T15:38:58.978+05:30 DEBUG 53212 --- [ctor-http-nio-9] r.n.http.server.HttpServerOperations     : [eefa42cb-1, L:/[0:0:0:0:0:0:0:1]:8080 - R:/[0:0:0:0:0:0:0:1]:50065] Last HTTP packet was sent, terminating the channel
2025-10-21T15:39:58.979+05:30 DEBUG 53212 --- [tor-http-nio-10] r.n.http.server.HttpServerOperations     : [7db61b88, L:/[0:0:0:0:0:0:0:1]:8080 - R:/[0:0:0:0:0:0:0:1]:50104] New http connection, requesting read
2025-10-21T15:39:58.980+05:30 DEBUG 53212 --- [tor-http-nio-10] r.netty.transport.TransportConfig        : [7db61b88, L:/[0:0:0:0:0:0:0:1]:8080 - R:/[0:0:0:0:0:0:0:1]:50104] Initialized pipeline DefaultChannelPipeline{(reactor.left.httpCodec = io.netty.handler.codec.http.HttpServerCodec), (reactor.left.httpTrafficHandler = reactor.netty.http.server.HttpTrafficHandler), (reactor.right.reactiveBridge = reactor.netty.channel.ChannelOperationsHandler)}
2025-10-21T15:39:58.987+05:30 DEBUG 53212 --- [tor-http-nio-10] r.n.http.server.HttpServerOperations     : [7db61b88, L:/[0:0:0:0:0:0:0:1]:8080 - R:/[0:0:0:0:0:0:0:1]:50104] Increasing pending responses, now 1
2025-10-21T15:39:58.988+05:30 DEBUG 53212 --- [tor-http-nio-10] reactor.netty.http.server.HttpServer     : [7db61b88-1, L:/[0:0:0:0:0:0:0:1]:8080 - R:/[0:0:0:0:0:0:0:1]:50104] Handler is being applied: org.springframework.http.server.reactive.ReactorHttpHandlerAdapter@23dfb84a
2025-10-21T15:39:58.992+05:30 DEBUG 53212 --- [tor-http-nio-10] reactor.netty.ReactorNetty               : [7db61b88-1, L:/[0:0:0:0:0:0:0:1]:8080 - R:/[0:0:0:0:0:0:0:1]:50104] Non Removed handler: reactor.left.readTimeoutHandler, context: null, pipeline: DefaultChannelPipeline{(reactor.left.httpCodec = io.netty.handler.codec.http.HttpServerCodec), (reactor.left.httpTrafficHandler = reactor.netty.http.server.HttpTrafficHandler), (reactor.right.reactiveBridge = reactor.netty.channel.ChannelOperationsHandler)}
2025-10-21T15:39:58.993+05:30 DEBUG 53212 --- [oundedElastic-2] .s.w.r.r.m.a.ResponseEntityResultHandler : [7db61b88-10] Using 'application/vnd.spring-boot.actuator.v3+json' given [*/*] and supported [application/vnd.spring-boot.actuator.v3+json, application/vnd.spring-boot.actuator.v2+json, application/json]
2025-10-21T15:39:58.993+05:30 DEBUG 53212 --- [oundedElastic-2] .s.w.r.r.m.a.ResponseEntityResultHandler : [7db61b88-10] 0..1 [org.springframework.boot.actuate.health.SystemHealth]
2025-10-21T15:39:58.994+05:30 DEBUG 53212 --- [tor-http-nio-10] r.n.http.server.HttpServerOperations     : [7db61b88-1, L:/[0:0:0:0:0:0:0:1]:8080 - R:/[0:0:0:0:0:0:0:1]:50104] Decreasing pending responses, now 0
2025-10-21T15:39:58.995+05:30 DEBUG 53212 --- [tor-http-nio-10] r.n.http.server.HttpServerOperations     : [7db61b88-1, L:/[0:0:0:0:0:0:0:1]:8080 - R:/[0:0:0:0:0:0:0:1]:50104] Last HTTP response frame
2025-10-21T15:39:58.995+05:30 DEBUG 53212 --- [tor-http-nio-10] r.netty.channel.ChannelOperations        : [7db61b88-1, L:/[0:0:0:0:0:0:0:1]:8080 - R:/[0:0:0:0:0:0:0:1]:50104] [HttpServer] Channel inbound receiver cancelled (subscription disposed).
2025-10-21T15:39:58.995+05:30 DEBUG 53212 --- [tor-http-nio-10] r.n.http.server.HttpServerOperations     : [7db61b88-1, L:/[0:0:0:0:0:0:0:1]:8080 - R:/[0:0:0:0:0:0:0:1]:50104] Last HTTP packet was sent, terminating the channel
2025-10-21T15:40:45.721+05:30 DEBUG 53212 --- [ctor-http-nio-1] r.n.http.server.HttpServerOperations     : [e4ab71b5, L:/[0:0:0:0:0:0:0:1]:8080 - R:/[0:0:0:0:0:0:0:1]:50139] New http connection, requesting read
2025-10-21T15:40:45.745+05:30 DEBUG 53212 --- [ctor-http-nio-1] r.netty.transport.TransportConfig        : [e4ab71b5, L:/[0:0:0:0:0:0:0:1]:8080 - R:/[0:0:0:0:0:0:0:1]:50139] Initialized pipeline DefaultChannelPipeline{(reactor.left.httpCodec = io.netty.handler.codec.http.HttpServerCodec), (reactor.left.httpTrafficHandler = reactor.netty.http.server.HttpTrafficHandler), (reactor.right.reactiveBridge = reactor.netty.channel.ChannelOperationsHandler)}
2025-10-21T15:40:45.762+05:30 DEBUG 53212 --- [ctor-http-nio-1] r.n.http.server.HttpServerOperations     : [e4ab71b5, L:/[0:0:0:0:0:0:0:1]:8080 - R:/[0:0:0:0:0:0:0:1]:50139] Increasing pending responses, now 1
2025-10-21T15:40:45.764+05:30 DEBUG 53212 --- [ctor-http-nio-1] reactor.netty.http.server.HttpServer     : [e4ab71b5-1, L:/[0:0:0:0:0:0:0:1]:8080 - R:/[0:0:0:0:0:0:0:1]:50139] Handler is being applied: org.springframework.http.server.reactive.ReactorHttpHandlerAdapter@23dfb84a
2025-10-21T15:40:45.795+05:30 DEBUG 53212 --- [ctor-http-nio-1] reactor.netty.ReactorNetty               : [e4ab71b5-1, L:/[0:0:0:0:0:0:0:1]:8080 - R:/[0:0:0:0:0:0:0:1]:50139] Non Removed handler: reactor.left.readTimeoutHandler, context: null, pipeline: DefaultChannelPipeline{(reactor.left.httpCodec = io.netty.handler.codec.http.HttpServerCodec), (reactor.left.httpTrafficHandler = reactor.netty.http.server.HttpTrafficHandler), (reactor.right.reactiveBridge = reactor.netty.channel.ChannelOperationsHandler)}
2025-10-21T15:40:45.796+05:30 DEBUG 53212 --- [oundedElastic-4] .s.w.r.r.m.a.ResponseEntityResultHandler : [e4ab71b5-11] Using 'application/vnd.spring-boot.actuator.v3+json' given [*/*] and supported [application/vnd.spring-boot.actuator.v3+json, application/vnd.spring-boot.actuator.v2+json, application/json]
2025-10-21T15:40:45.797+05:30 DEBUG 53212 --- [oundedElastic-4] .s.w.r.r.m.a.ResponseEntityResultHandler : [e4ab71b5-11] 0..1 [org.springframework.boot.actuate.health.SystemHealth]
2025-10-21T15:40:45.800+05:30 DEBUG 53212 --- [ctor-http-nio-1] r.n.http.server.HttpServerOperations     : [e4ab71b5-1, L:/[0:0:0:0:0:0:0:1]:8080 - R:/[0:0:0:0:0:0:0:1]:50139] Decreasing pending responses, now 0
2025-10-21T15:40:45.800+05:30 DEBUG 53212 --- [ctor-http-nio-1] r.n.http.server.HttpServerOperations     : [e4ab71b5-1, L:/[0:0:0:0:0:0:0:1]:8080 - R:/[0:0:0:0:0:0:0:1]:50139] Last HTTP response frame
2025-10-21T15:40:45.800+05:30 DEBUG 53212 --- [ctor-http-nio-1] r.netty.channel.ChannelOperations        : [e4ab71b5-1, L:/[0:0:0:0:0:0:0:1]:8080 - R:/[0:0:0:0:0:0:0:1]:50139] [HttpServer] Channel inbound receiver cancelled (subscription disposed).
2025-10-21T15:40:45.800+05:30 DEBUG 53212 --- [ctor-http-nio-1] r.n.http.server.HttpServerOperations     : [e4ab71b5-1, L:/[0:0:0:0:0:0:0:1]:8080 - R:/[0:0:0:0:0:0:0:1]:50139] Last HTTP packet was sent, terminating the channel
2025-10-21T15:40:53.951+05:30 DEBUG 53212 --- [ctor-http-nio-2] r.n.http.server.HttpServerOperations     : [9ccb6145, L:/[0:0:0:0:0:0:0:1]:8080 - R:/[0:0:0:0:0:0:0:1]:50149] New http connection, requesting read
2025-10-21T15:40:53.952+05:30 DEBUG 53212 --- [ctor-http-nio-2] r.netty.transport.TransportConfig        : [9ccb6145, L:/[0:0:0:0:0:0:0:1]:8080 - R:/[0:0:0:0:0:0:0:1]:50149] Initialized pipeline DefaultChannelPipeline{(reactor.left.httpCodec = io.netty.handler.codec.http.HttpServerCodec), (reactor.left.httpTrafficHandler = reactor.netty.http.server.HttpTrafficHandler), (reactor.right.reactiveBridge = reactor.netty.channel.ChannelOperationsHandler)}
2025-10-21T15:40:53.956+05:30 DEBUG 53212 --- [ctor-http-nio-2] r.n.http.server.HttpServerOperations     : [9ccb6145, L:/[0:0:0:0:0:0:0:1]:8080 - R:/[0:0:0:0:0:0:0:1]:50149] Increasing pending responses, now 1
2025-10-21T15:40:53.957+05:30 DEBUG 53212 --- [ctor-http-nio-2] reactor.netty.http.server.HttpServer     : [9ccb6145-1, L:/[0:0:0:0:0:0:0:1]:8080 - R:/[0:0:0:0:0:0:0:1]:50149] Handler is being applied: org.springframework.http.server.reactive.ReactorHttpHandlerAdapter@23dfb84a
2025-10-21T15:40:53.962+05:30 DEBUG 53212 --- [ctor-http-nio-2] reactor.netty.ReactorNetty               : [9ccb6145-1, L:/[0:0:0:0:0:0:0:1]:8080 - R:/[0:0:0:0:0:0:0:1]:50149] Non Removed handler: reactor.left.readTimeoutHandler, context: null, pipeline: DefaultChannelPipeline{(reactor.left.httpCodec = io.netty.handler.codec.http.HttpServerCodec), (reactor.left.httpTrafficHandler = reactor.netty.http.server.HttpTrafficHandler), (reactor.right.reactiveBridge = reactor.netty.channel.ChannelOperationsHandler)}
2025-10-21T15:40:53.963+05:30 DEBUG 53212 --- [oundedElastic-2] .s.w.r.r.m.a.ResponseEntityResultHandler : [9ccb6145-12] Using 'application/vnd.spring-boot.actuator.v3+json' given [*/*] and supported [application/vnd.spring-boot.actuator.v3+json, application/vnd.spring-boot.actuator.v2+json, application/json]
2025-10-21T15:40:53.964+05:30 DEBUG 53212 --- [oundedElastic-2] .s.w.r.r.m.a.ResponseEntityResultHandler : [9ccb6145-12] 0..1 [org.springframework.boot.actuate.health.SystemHealth]
2025-10-21T15:40:53.967+05:30 DEBUG 53212 --- [ctor-http-nio-2] r.n.http.server.HttpServerOperations     : [9ccb6145-1, L:/[0:0:0:0:0:0:0:1]:8080 - R:/[0:0:0:0:0:0:0:1]:50149] Decreasing pending responses, now 0
2025-10-21T15:40:53.968+05:30 DEBUG 53212 --- [ctor-http-nio-2] r.n.http.server.HttpServerOperations     : [9ccb6145-1, L:/[0:0:0:0:0:0:0:1]:8080 - R:/[0:0:0:0:0:0:0:1]:50149] Last HTTP response frame
2025-10-21T15:40:53.968+05:30 DEBUG 53212 --- [ctor-http-nio-2] r.netty.channel.ChannelOperations        : [9ccb6145-1, L:/[0:0:0:0:0:0:0:1]:8080 - R:/[0:0:0:0:0:0:0:1]:50149] [HttpServer] Channel inbound receiver cancelled (subscription disposed).
2025-10-21T15:40:53.968+05:30 DEBUG 53212 --- [ctor-http-nio-2] r.n.http.server.HttpServerOperations     : [9ccb6145-1, L:/[0:0:0:0:0:0:0:1]:8080 - R:/[0:0:0:0:0:0:0:1]:50149] Last HTTP packet was sent, terminating the channel
2025-10-21T15:41:23.949+05:30 DEBUG 53212 --- [ctor-http-nio-3] r.n.http.server.HttpServerOperations     : [cdd37855, L:/[0:0:0:0:0:0:0:1]:8080 - R:/[0:0:0:0:0:0:0:1]:50378] New http connection, requesting read
2025-10-21T15:41:23.954+05:30 DEBUG 53212 --- [ctor-http-nio-3] r.netty.transport.TransportConfig        : [cdd37855, L:/[0:0:0:0:0:0:0:1]:8080 - R:/[0:0:0:0:0:0:0:1]:50378] Initialized pipeline DefaultChannelPipeline{(reactor.left.httpCodec = io.netty.handler.codec.http.HttpServerCodec), (reactor.left.httpTrafficHandler = reactor.netty.http.server.HttpTrafficHandler), (reactor.right.reactiveBridge = reactor.netty.channel.ChannelOperationsHandler)}
2025-10-21T15:41:23.956+05:30 DEBUG 53212 --- [ctor-http-nio-3] r.n.http.server.HttpServerOperations     : [cdd37855, L:/[0:0:0:0:0:0:0:1]:8080 - R:/[0:0:0:0:0:0:0:1]:50378] Increasing pending responses, now 1
2025-10-21T15:41:23.957+05:30 DEBUG 53212 --- [ctor-http-nio-3] reactor.netty.http.server.HttpServer     : [cdd37855-1, L:/[0:0:0:0:0:0:0:1]:8080 - R:/[0:0:0:0:0:0:0:1]:50378] Handler is being applied: org.springframework.http.server.reactive.ReactorHttpHandlerAdapter@23dfb84a
2025-10-21T15:41:23.962+05:30 DEBUG 53212 --- [ctor-http-nio-3] reactor.netty.ReactorNetty               : [cdd37855-1, L:/[0:0:0:0:0:0:0:1]:8080 - R:/[0:0:0:0:0:0:0:1]:50378] Non Removed handler: reactor.left.readTimeoutHandler, context: null, pipeline: DefaultChannelPipeline{(reactor.left.httpCodec = io.netty.handler.codec.http.HttpServerCodec), (reactor.left.httpTrafficHandler = reactor.netty.http.server.HttpTrafficHandler), (reactor.right.reactiveBridge = reactor.netty.channel.ChannelOperationsHandler)}
2025-10-21T15:41:23.963+05:30 DEBUG 53212 --- [oundedElastic-4] .s.w.r.r.m.a.ResponseEntityResultHandler : [cdd37855-13] Using 'application/vnd.spring-boot.actuator.v3+json' given [*/*] and supported [application/vnd.spring-boot.actuator.v3+json, application/vnd.spring-boot.actuator.v2+json, application/json]
2025-10-21T15:41:23.963+05:30 DEBUG 53212 --- [oundedElastic-4] .s.w.r.r.m.a.ResponseEntityResultHandler : [cdd37855-13] 0..1 [org.springframework.boot.actuate.health.SystemHealth]
2025-10-21T15:41:23.965+05:30 DEBUG 53212 --- [ctor-http-nio-3] r.n.http.server.HttpServerOperations     : [cdd37855-1, L:/[0:0:0:0:0:0:0:1]:8080 - R:/[0:0:0:0:0:0:0:1]:50378] Decreasing pending responses, now 0
2025-10-21T15:41:23.966+05:30 DEBUG 53212 --- [ctor-http-nio-3] r.n.http.server.HttpServerOperations     : [cdd37855-1, L:/[0:0:0:0:0:0:0:1]:8080 - R:/[0:0:0:0:0:0:0:1]:50378] Last HTTP response frame
2025-10-21T15:41:23.966+05:30 DEBUG 53212 --- [ctor-http-nio-3] r.netty.channel.ChannelOperations        : [cdd37855-1, L:/[0:0:0:0:0:0:0:1]:8080 - R:/[0:0:0:0:0:0:0:1]:50378] [HttpServer] Channel inbound receiver cancelled (subscription disposed).
2025-10-21T15:41:23.966+05:30 DEBUG 53212 --- [ctor-http-nio-3] r.n.http.server.HttpServerOperations     : [cdd37855-1, L:/[0:0:0:0:0:0:0:1]:8080 - R:/[0:0:0:0:0:0:0:1]:50378] Last HTTP packet was sent, terminating the channel
2025-10-21T15:41:58.960+05:30 DEBUG 53212 --- [ctor-http-nio-4] r.n.http.server.HttpServerOperations     : [3ca5459b, L:/[0:0:0:0:0:0:0:1]:8080 - R:/[0:0:0:0:0:0:0:1]:50421] New http connection, requesting read
2025-10-21T15:41:58.961+05:30 DEBUG 53212 --- [ctor-http-nio-4] r.netty.transport.TransportConfig        : [3ca5459b, L:/[0:0:0:0:0:0:0:1]:8080 - R:/[0:0:0:0:0:0:0:1]:50421] Initialized pipeline DefaultChannelPipeline{(reactor.left.httpCodec = io.netty.handler.codec.http.HttpServerCodec), (reactor.left.httpTrafficHandler = reactor.netty.http.server.HttpTrafficHandler), (reactor.right.reactiveBridge = reactor.netty.channel.ChannelOperationsHandler)}
2025-10-21T15:41:58.964+05:30 DEBUG 53212 --- [ctor-http-nio-4] r.n.http.server.HttpServerOperations     : [3ca5459b, L:/[0:0:0:0:0:0:0:1]:8080 - R:/[0:0:0:0:0:0:0:1]:50421] Increasing pending responses, now 1
2025-10-21T15:41:58.964+05:30 DEBUG 53212 --- [ctor-http-nio-4] reactor.netty.http.server.HttpServer     : [3ca5459b-1, L:/[0:0:0:0:0:0:0:1]:8080 - R:/[0:0:0:0:0:0:0:1]:50421] Handler is being applied: org.springframework.http.server.reactive.ReactorHttpHandlerAdapter@23dfb84a
2025-10-21T15:41:58.967+05:30 DEBUG 53212 --- [ctor-http-nio-4] reactor.netty.ReactorNetty               : [3ca5459b-1, L:/[0:0:0:0:0:0:0:1]:8080 - R:/[0:0:0:0:0:0:0:1]:50421] Non Removed handler: reactor.left.readTimeoutHandler, context: null, pipeline: DefaultChannelPipeline{(reactor.left.httpCodec = io.netty.handler.codec.http.HttpServerCodec), (reactor.left.httpTrafficHandler = reactor.netty.http.server.HttpTrafficHandler), (reactor.right.reactiveBridge = reactor.netty.channel.ChannelOperationsHandler)}
2025-10-21T15:41:58.969+05:30 DEBUG 53212 --- [oundedElastic-2] .s.w.r.r.m.a.ResponseEntityResultHandler : [3ca5459b-14] Using 'application/vnd.spring-boot.actuator.v3+json' given [*/*] and supported [application/vnd.spring-boot.actuator.v3+json, application/vnd.spring-boot.actuator.v2+json, application/json]
2025-10-21T15:41:58.970+05:30 DEBUG 53212 --- [oundedElastic-2] .s.w.r.r.m.a.ResponseEntityResultHandler : [3ca5459b-14] 0..1 [org.springframework.boot.actuate.health.SystemHealth]
2025-10-21T15:41:58.972+05:30 DEBUG 53212 --- [ctor-http-nio-4] r.n.http.server.HttpServerOperations     : [3ca5459b-1, L:/[0:0:0:0:0:0:0:1]:8080 - R:/[0:0:0:0:0:0:0:1]:50421] Decreasing pending responses, now 0
2025-10-21T15:41:58.973+05:30 DEBUG 53212 --- [ctor-http-nio-4] r.n.http.server.HttpServerOperations     : [3ca5459b-1, L:/[0:0:0:0:0:0:0:1]:8080 - R:/[0:0:0:0:0:0:0:1]:50421] Last HTTP response frame
2025-10-21T15:41:58.973+05:30 DEBUG 53212 --- [ctor-http-nio-4] r.netty.channel.ChannelOperations        : [3ca5459b-1, L:/[0:0:0:0:0:0:0:1]:8080 - R:/[0:0:0:0:0:0:0:1]:50421] [HttpServer] Channel inbound receiver cancelled (subscription disposed).
2025-10-21T15:41:58.973+05:30 DEBUG 53212 --- [ctor-http-nio-4] r.n.http.server.HttpServerOperations     : [3ca5459b-1, L:/[0:0:0:0:0:0:0:1]:8080 - R:/[0:0:0:0:0:0:0:1]:50421] Last HTTP packet was sent, terminating the channel
2025-10-21T15:42:58.976+05:30 DEBUG 53212 --- [ctor-http-nio-5] r.n.http.server.HttpServerOperations     : [da302daf, L:/[0:0:0:0:0:0:0:1]:8080 - R:/[0:0:0:0:0:0:0:1]:50526] New http connection, requesting read
2025-10-21T15:42:58.981+05:30 DEBUG 53212 --- [ctor-http-nio-5] r.netty.transport.TransportConfig        : [da302daf, L:/[0:0:0:0:0:0:0:1]:8080 - R:/[0:0:0:0:0:0:0:1]:50526] Initialized pipeline DefaultChannelPipeline{(reactor.left.httpCodec = io.netty.handler.codec.http.HttpServerCodec), (reactor.left.httpTrafficHandler = reactor.netty.http.server.HttpTrafficHandler), (reactor.right.reactiveBridge = reactor.netty.channel.ChannelOperationsHandler)}
2025-10-21T15:42:58.985+05:30 DEBUG 53212 --- [ctor-http-nio-5] r.n.http.server.HttpServerOperations     : [da302daf, L:/[0:0:0:0:0:0:0:1]:8080 - R:/[0:0:0:0:0:0:0:1]:50526] Increasing pending responses, now 1
2025-10-21T15:42:58.988+05:30 DEBUG 53212 --- [ctor-http-nio-5] reactor.netty.http.server.HttpServer     : [da302daf-1, L:/[0:0:0:0:0:0:0:1]:8080 - R:/[0:0:0:0:0:0:0:1]:50526] Handler is being applied: org.springframework.http.server.reactive.ReactorHttpHandlerAdapter@23dfb84a
2025-10-21T15:42:59.010+05:30 DEBUG 53212 --- [ctor-http-nio-5] reactor.netty.ReactorNetty               : [da302daf-1, L:/[0:0:0:0:0:0:0:1]:8080 - R:/[0:0:0:0:0:0:0:1]:50526] Non Removed handler: reactor.left.readTimeoutHandler, context: null, pipeline: DefaultChannelPipeline{(reactor.left.httpCodec = io.netty.handler.codec.http.HttpServerCodec), (reactor.left.httpTrafficHandler = reactor.netty.http.server.HttpTrafficHandler), (reactor.right.reactiveBridge = reactor.netty.channel.ChannelOperationsHandler)}
2025-10-21T15:42:59.011+05:30 DEBUG 53212 --- [oundedElastic-3] .s.w.r.r.m.a.ResponseEntityResultHandler : [da302daf-15] Using 'application/vnd.spring-boot.actuator.v3+json' given [*/*] and supported [application/vnd.spring-boot.actuator.v3+json, application/vnd.spring-boot.actuator.v2+json, application/json]
2025-10-21T15:42:59.011+05:30 DEBUG 53212 --- [oundedElastic-3] .s.w.r.r.m.a.ResponseEntityResultHandler : [da302daf-15] 0..1 [org.springframework.boot.actuate.health.SystemHealth]
2025-10-21T15:42:59.013+05:30 DEBUG 53212 --- [ctor-http-nio-5] r.n.http.server.HttpServerOperations     : [da302daf-1, L:/[0:0:0:0:0:0:0:1]:8080 - R:/[0:0:0:0:0:0:0:1]:50526] Decreasing pending responses, now 0
2025-10-21T15:42:59.014+05:30 DEBUG 53212 --- [ctor-http-nio-5] r.n.http.server.HttpServerOperations     : [da302daf-1, L:/[0:0:0:0:0:0:0:1]:8080 - R:/[0:0:0:0:0:0:0:1]:50526] Last HTTP response frame
2025-10-21T15:42:59.014+05:30 DEBUG 53212 --- [ctor-http-nio-5] r.netty.channel.ChannelOperations        : [da302daf-1, L:/[0:0:0:0:0:0:0:1]:8080 - R:/[0:0:0:0:0:0:0:1]:50526] [HttpServer] Channel inbound receiver cancelled (subscription disposed).
2025-10-21T15:42:59.014+05:30 DEBUG 53212 --- [ctor-http-nio-5] r.n.http.server.HttpServerOperations     : [da302daf-1, L:/[0:0:0:0:0:0:0:1]:8080 - R:/[0:0:0:0:0:0:0:1]:50526] Last HTTP packet was sent, terminating the channel
2025-10-21T15:43:58.959+05:30 DEBUG 53212 --- [ctor-http-nio-6] r.n.http.server.HttpServerOperations     : [d234afa4, L:/[0:0:0:0:0:0:0:1]:8080 - R:/[0:0:0:0:0:0:0:1]:50570] New http connection, requesting read
2025-10-21T15:43:58.960+05:30 DEBUG 53212 --- [ctor-http-nio-6] r.netty.transport.TransportConfig        : [d234afa4, L:/[0:0:0:0:0:0:0:1]:8080 - R:/[0:0:0:0:0:0:0:1]:50570] Initialized pipeline DefaultChannelPipeline{(reactor.left.httpCodec = io.netty.handler.codec.http.HttpServerCodec), (reactor.left.httpTrafficHandler = reactor.netty.http.server.HttpTrafficHandler), (reactor.right.reactiveBridge = reactor.netty.channel.ChannelOperationsHandler)}
2025-10-21T15:43:58.963+05:30 DEBUG 53212 --- [ctor-http-nio-6] r.n.http.server.HttpServerOperations     : [d234afa4, L:/[0:0:0:0:0:0:0:1]:8080 - R:/[0:0:0:0:0:0:0:1]:50570] Increasing pending responses, now 1
2025-10-21T15:43:58.964+05:30 DEBUG 53212 --- [ctor-http-nio-6] reactor.netty.http.server.HttpServer     : [d234afa4-1, L:/[0:0:0:0:0:0:0:1]:8080 - R:/[0:0:0:0:0:0:0:1]:50570] Handler is being applied: org.springframework.http.server.reactive.ReactorHttpHandlerAdapter@23dfb84a
2025-10-21T15:43:58.969+05:30 DEBUG 53212 --- [ctor-http-nio-6] reactor.netty.ReactorNetty               : [d234afa4-1, L:/[0:0:0:0:0:0:0:1]:8080 - R:/[0:0:0:0:0:0:0:1]:50570] Non Removed handler: reactor.left.readTimeoutHandler, context: null, pipeline: DefaultChannelPipeline{(reactor.left.httpCodec = io.netty.handler.codec.http.HttpServerCodec), (reactor.left.httpTrafficHandler = reactor.netty.http.server.HttpTrafficHandler), (reactor.right.reactiveBridge = reactor.netty.channel.ChannelOperationsHandler)}
2025-10-21T15:43:58.974+05:30 DEBUG 53212 --- [oundedElastic-2] .s.w.r.r.m.a.ResponseEntityResultHandler : [d234afa4-16] Using 'application/vnd.spring-boot.actuator.v3+json' given [*/*] and supported [application/vnd.spring-boot.actuator.v3+json, application/vnd.spring-boot.actuator.v2+json, application/json]
2025-10-21T15:43:58.974+05:30 DEBUG 53212 --- [oundedElastic-2] .s.w.r.r.m.a.ResponseEntityResultHandler : [d234afa4-16] 0..1 [org.springframework.boot.actuate.health.SystemHealth]
2025-10-21T15:43:58.979+05:30 DEBUG 53212 --- [ctor-http-nio-6] r.n.http.server.HttpServerOperations     : [d234afa4-1, L:/[0:0:0:0:0:0:0:1]:8080 - R:/[0:0:0:0:0:0:0:1]:50570] Decreasing pending responses, now 0
2025-10-21T15:43:58.980+05:30 DEBUG 53212 --- [ctor-http-nio-6] r.n.http.server.HttpServerOperations     : [d234afa4-1, L:/[0:0:0:0:0:0:0:1]:8080 - R:/[0:0:0:0:0:0:0:1]:50570] Last HTTP response frame
2025-10-21T15:43:58.980+05:30 DEBUG 53212 --- [ctor-http-nio-6] r.netty.channel.ChannelOperations        : [d234afa4-1, L:/[0:0:0:0:0:0:0:1]:8080 - R:/[0:0:0:0:0:0:0:1]:50570] [HttpServer] Channel inbound receiver cancelled (subscription disposed).
2025-10-21T15:43:58.980+05:30 DEBUG 53212 --- [ctor-http-nio-6] r.n.http.server.HttpServerOperations     : [d234afa4-1, L:/[0:0:0:0:0:0:0:1]:8080 - R:/[0:0:0:0:0:0:0:1]:50570] Last HTTP packet was sent, terminating the channel
2025-10-21T15:44:58.964+05:30 DEBUG 53212 --- [ctor-http-nio-7] r.n.http.server.HttpServerOperations     : [a294fc75, L:/[0:0:0:0:0:0:0:1]:8080 - R:/[0:0:0:0:0:0:0:1]:50620] New http connection, requesting read
2025-10-21T15:44:58.973+05:30 DEBUG 53212 --- [ctor-http-nio-7] r.netty.transport.TransportConfig        : [a294fc75, L:/[0:0:0:0:0:0:0:1]:8080 - R:/[0:0:0:0:0:0:0:1]:50620] Initialized pipeline DefaultChannelPipeline{(reactor.left.httpCodec = io.netty.handler.codec.http.HttpServerCodec), (reactor.left.httpTrafficHandler = reactor.netty.http.server.HttpTrafficHandler), (reactor.right.reactiveBridge = reactor.netty.channel.ChannelOperationsHandler)}
2025-10-21T15:44:59.008+05:30 DEBUG 53212 --- [ctor-http-nio-7] r.n.http.server.HttpServerOperations     : [a294fc75, L:/[0:0:0:0:0:0:0:1]:8080 - R:/[0:0:0:0:0:0:0:1]:50620] Increasing pending responses, now 1
2025-10-21T15:44:59.015+05:30 DEBUG 53212 --- [ctor-http-nio-7] reactor.netty.http.server.HttpServer     : [a294fc75-1, L:/[0:0:0:0:0:0:0:1]:8080 - R:/[0:0:0:0:0:0:0:1]:50620] Handler is being applied: org.springframework.http.server.reactive.ReactorHttpHandlerAdapter@23dfb84a
2025-10-21T15:44:59.026+05:30 DEBUG 53212 --- [ctor-http-nio-7] reactor.netty.ReactorNetty               : [a294fc75-1, L:/[0:0:0:0:0:0:0:1]:8080 - R:/[0:0:0:0:0:0:0:1]:50620] Non Removed handler: reactor.left.readTimeoutHandler, context: null, pipeline: DefaultChannelPipeline{(reactor.left.httpCodec = io.netty.handler.codec.http.HttpServerCodec), (reactor.left.httpTrafficHandler = reactor.netty.http.server.HttpTrafficHandler), (reactor.right.reactiveBridge = reactor.netty.channel.ChannelOperationsHandler)}
2025-10-21T15:44:59.027+05:30 DEBUG 53212 --- [oundedElastic-1] .s.w.r.r.m.a.ResponseEntityResultHandler : [a294fc75-17] Using 'application/vnd.spring-boot.actuator.v3+json' given [*/*] and supported [application/vnd.spring-boot.actuator.v3+json, application/vnd.spring-boot.actuator.v2+json, application/json]
2025-10-21T15:44:59.027+05:30 DEBUG 53212 --- [oundedElastic-1] .s.w.r.r.m.a.ResponseEntityResultHandler : [a294fc75-17] 0..1 [org.springframework.boot.actuate.health.SystemHealth]
2025-10-21T15:44:59.035+05:30 DEBUG 53212 --- [ctor-http-nio-7] r.n.http.server.HttpServerOperations     : [a294fc75-1, L:/[0:0:0:0:0:0:0:1]:8080 - R:/[0:0:0:0:0:0:0:1]:50620] Decreasing pending responses, now 0
2025-10-21T15:44:59.036+05:30 DEBUG 53212 --- [ctor-http-nio-7] r.n.http.server.HttpServerOperations     : [a294fc75-1, L:/[0:0:0:0:0:0:0:1]:8080 - R:/[0:0:0:0:0:0:0:1]:50620] Last HTTP response frame
2025-10-21T15:44:59.036+05:30 DEBUG 53212 --- [ctor-http-nio-7] r.netty.channel.ChannelOperations        : [a294fc75-1, L:/[0:0:0:0:0:0:0:1]:8080 - R:/[0:0:0:0:0:0:0:1]:50620] [HttpServer] Channel inbound receiver cancelled (subscription disposed).
2025-10-21T15:44:59.036+05:30 DEBUG 53212 --- [ctor-http-nio-7] r.n.http.server.HttpServerOperations     : [a294fc75-1, L:/[0:0:0:0:0:0:0:1]:8080 - R:/[0:0:0:0:0:0:0:1]:50620] Last HTTP packet was sent, terminating the channel
2025-10-21T15:45:58.958+05:30 DEBUG 53212 --- [ctor-http-nio-8] r.n.http.server.HttpServerOperations     : [633c55f2, L:/[0:0:0:0:0:0:0:1]:8080 - R:/[0:0:0:0:0:0:0:1]:50661] New http connection, requesting read
2025-10-21T15:45:58.961+05:30 DEBUG 53212 --- [ctor-http-nio-8] r.netty.transport.TransportConfig        : [633c55f2, L:/[0:0:0:0:0:0:0:1]:8080 - R:/[0:0:0:0:0:0:0:1]:50661] Initialized pipeline DefaultChannelPipeline{(reactor.left.httpCodec = io.netty.handler.codec.http.HttpServerCodec), (reactor.left.httpTrafficHandler = reactor.netty.http.server.HttpTrafficHandler), (reactor.right.reactiveBridge = reactor.netty.channel.ChannelOperationsHandler)}
2025-10-21T15:45:58.962+05:30 DEBUG 53212 --- [ctor-http-nio-8] r.n.http.server.HttpServerOperations     : [633c55f2, L:/[0:0:0:0:0:0:0:1]:8080 - R:/[0:0:0:0:0:0:0:1]:50661] Increasing pending responses, now 1
2025-10-21T15:45:58.963+05:30 DEBUG 53212 --- [ctor-http-nio-8] reactor.netty.http.server.HttpServer     : [633c55f2-1, L:/[0:0:0:0:0:0:0:1]:8080 - R:/[0:0:0:0:0:0:0:1]:50661] Handler is being applied: org.springframework.http.server.reactive.ReactorHttpHandlerAdapter@23dfb84a
2025-10-21T15:45:58.966+05:30 DEBUG 53212 --- [ctor-http-nio-8] reactor.netty.ReactorNetty               : [633c55f2-1, L:/[0:0:0:0:0:0:0:1]:8080 - R:/[0:0:0:0:0:0:0:1]:50661] Non Removed handler: reactor.left.readTimeoutHandler, context: null, pipeline: DefaultChannelPipeline{(reactor.left.httpCodec = io.netty.handler.codec.http.HttpServerCodec), (reactor.left.httpTrafficHandler = reactor.netty.http.server.HttpTrafficHandler), (reactor.right.reactiveBridge = reactor.netty.channel.ChannelOperationsHandler)}
2025-10-21T15:45:58.968+05:30 DEBUG 53212 --- [oundedElastic-3] .s.w.r.r.m.a.ResponseEntityResultHandler : [633c55f2-18] Using 'application/vnd.spring-boot.actuator.v3+json' given [*/*] and supported [application/vnd.spring-boot.actuator.v3+json, application/vnd.spring-boot.actuator.v2+json, application/json]
2025-10-21T15:45:58.968+05:30 DEBUG 53212 --- [oundedElastic-3] .s.w.r.r.m.a.ResponseEntityResultHandler : [633c55f2-18] 0..1 [org.springframework.boot.actuate.health.SystemHealth]
2025-10-21T15:45:58.970+05:30 DEBUG 53212 --- [ctor-http-nio-8] r.n.http.server.HttpServerOperations     : [633c55f2-1, L:/[0:0:0:0:0:0:0:1]:8080 - R:/[0:0:0:0:0:0:0:1]:50661] Decreasing pending responses, now 0
2025-10-21T15:45:58.970+05:30 DEBUG 53212 --- [ctor-http-nio-8] r.n.http.server.HttpServerOperations     : [633c55f2-1, L:/[0:0:0:0:0:0:0:1]:8080 - R:/[0:0:0:0:0:0:0:1]:50661] Last HTTP response frame
2025-10-21T15:45:58.971+05:30 DEBUG 53212 --- [ctor-http-nio-8] r.netty.channel.ChannelOperations        : [633c55f2-1, L:/[0:0:0:0:0:0:0:1]:8080 - R:/[0:0:0:0:0:0:0:1]:50661] [HttpServer] Channel inbound receiver cancelled (subscription disposed).
2025-10-21T15:45:58.971+05:30 DEBUG 53212 --- [ctor-http-nio-8] r.n.http.server.HttpServerOperations     : [633c55f2-1, L:/[0:0:0:0:0:0:0:1]:8080 - R:/[0:0:0:0:0:0:0:1]:50661] Last HTTP packet was sent, terminating the channel
2025-10-21T15:46:58.996+05:30 DEBUG 53212 --- [ctor-http-nio-9] r.n.http.server.HttpServerOperations     : [f69c54d5, L:/[0:0:0:0:0:0:0:1]:8080 - R:/[0:0:0:0:0:0:0:1]:50732] New http connection, requesting read
2025-10-21T15:46:59.004+05:30 DEBUG 53212 --- [ctor-http-nio-9] r.netty.transport.TransportConfig        : [f69c54d5, L:/[0:0:0:0:0:0:0:1]:8080 - R:/[0:0:0:0:0:0:0:1]:50732] Initialized pipeline DefaultChannelPipeline{(reactor.left.httpCodec = io.netty.handler.codec.http.HttpServerCodec), (reactor.left.httpTrafficHandler = reactor.netty.http.server.HttpTrafficHandler), (reactor.right.reactiveBridge = reactor.netty.channel.ChannelOperationsHandler)}
2025-10-21T15:46:59.019+05:30 DEBUG 53212 --- [ctor-http-nio-9] r.n.http.server.HttpServerOperations     : [f69c54d5, L:/[0:0:0:0:0:0:0:1]:8080 - R:/[0:0:0:0:0:0:0:1]:50732] Increasing pending responses, now 1
2025-10-21T15:46:59.020+05:30 DEBUG 53212 --- [ctor-http-nio-9] reactor.netty.http.server.HttpServer     : [f69c54d5-1, L:/[0:0:0:0:0:0:0:1]:8080 - R:/[0:0:0:0:0:0:0:1]:50732] Handler is being applied: org.springframework.http.server.reactive.ReactorHttpHandlerAdapter@23dfb84a
2025-10-21T15:46:59.052+05:30 DEBUG 53212 --- [ctor-http-nio-9] reactor.netty.ReactorNetty               : [f69c54d5-1, L:/[0:0:0:0:0:0:0:1]:8080 - R:/[0:0:0:0:0:0:0:1]:50732] Non Removed handler: reactor.left.readTimeoutHandler, context: null, pipeline: DefaultChannelPipeline{(reactor.left.httpCodec = io.netty.handler.codec.http.HttpServerCodec), (reactor.left.httpTrafficHandler = reactor.netty.http.server.HttpTrafficHandler), (reactor.right.reactiveBridge = reactor.netty.channel.ChannelOperationsHandler)}
2025-10-21T15:46:59.056+05:30 DEBUG 53212 --- [oundedElastic-2] .s.w.r.r.m.a.ResponseEntityResultHandler : [f69c54d5-19] Using 'application/vnd.spring-boot.actuator.v3+json' given [*/*] and supported [application/vnd.spring-boot.actuator.v3+json, application/vnd.spring-boot.actuator.v2+json, application/json]
2025-10-21T15:46:59.056+05:30 DEBUG 53212 --- [oundedElastic-2] .s.w.r.r.m.a.ResponseEntityResultHandler : [f69c54d5-19] 0..1 [org.springframework.boot.actuate.health.SystemHealth]
2025-10-21T15:46:59.060+05:30 DEBUG 53212 --- [ctor-http-nio-9] r.n.http.server.HttpServerOperations     : [f69c54d5-1, L:/[0:0:0:0:0:0:0:1]:8080 - R:/[0:0:0:0:0:0:0:1]:50732] Decreasing pending responses, now 0
2025-10-21T15:46:59.061+05:30 DEBUG 53212 --- [ctor-http-nio-9] r.n.http.server.HttpServerOperations     : [f69c54d5-1, L:/[0:0:0:0:0:0:0:1]:8080 - R:/[0:0:0:0:0:0:0:1]:50732] Last HTTP response frame
2025-10-21T15:46:59.061+05:30 DEBUG 53212 --- [ctor-http-nio-9] r.netty.channel.ChannelOperations        : [f69c54d5-1, L:/[0:0:0:0:0:0:0:1]:8080 - R:/[0:0:0:0:0:0:0:1]:50732] [HttpServer] Channel inbound receiver cancelled (subscription disposed).
2025-10-21T15:46:59.061+05:30 DEBUG 53212 --- [ctor-http-nio-9] r.n.http.server.HttpServerOperations     : [f69c54d5-1, L:/[0:0:0:0:0:0:0:1]:8080 - R:/[0:0:0:0:0:0:0:1]:50732] Last HTTP packet was sent, terminating the channel
2025-10-21T15:47:58.960+05:30 DEBUG 53212 --- [tor-http-nio-10] r.n.http.server.HttpServerOperations     : [e245b01d, L:/[0:0:0:0:0:0:0:1]:8080 - R:/[0:0:0:0:0:0:0:1]:50825] New http connection, requesting read
2025-10-21T15:47:58.964+05:30 DEBUG 53212 --- [tor-http-nio-10] r.netty.transport.TransportConfig        : [e245b01d, L:/[0:0:0:0:0:0:0:1]:8080 - R:/[0:0:0:0:0:0:0:1]:50825] Initialized pipeline DefaultChannelPipeline{(reactor.left.httpCodec = io.netty.handler.codec.http.HttpServerCodec), (reactor.left.httpTrafficHandler = reactor.netty.http.server.HttpTrafficHandler), (reactor.right.reactiveBridge = reactor.netty.channel.ChannelOperationsHandler)}
2025-10-21T15:47:58.965+05:30 DEBUG 53212 --- [tor-http-nio-10] r.n.http.server.HttpServerOperations     : [e245b01d, L:/[0:0:0:0:0:0:0:1]:8080 - R:/[0:0:0:0:0:0:0:1]:50825] Increasing pending responses, now 1
2025-10-21T15:47:58.966+05:30 DEBUG 53212 --- [tor-http-nio-10] reactor.netty.http.server.HttpServer     : [e245b01d-1, L:/[0:0:0:0:0:0:0:1]:8080 - R:/[0:0:0:0:0:0:0:1]:50825] Handler is being applied: org.springframework.http.server.reactive.ReactorHttpHandlerAdapter@23dfb84a
2025-10-21T15:47:58.972+05:30 DEBUG 53212 --- [tor-http-nio-10] reactor.netty.ReactorNetty               : [e245b01d-1, L:/[0:0:0:0:0:0:0:1]:8080 - R:/[0:0:0:0:0:0:0:1]:50825] Non Removed handler: reactor.left.readTimeoutHandler, context: null, pipeline: DefaultChannelPipeline{(reactor.left.httpCodec = io.netty.handler.codec.http.HttpServerCodec), (reactor.left.httpTrafficHandler = reactor.netty.http.server.HttpTrafficHandler), (reactor.right.reactiveBridge = reactor.netty.channel.ChannelOperationsHandler)}
2025-10-21T15:47:58.973+05:30 DEBUG 53212 --- [oundedElastic-1] .s.w.r.r.m.a.ResponseEntityResultHandler : [e245b01d-20] Using 'application/vnd.spring-boot.actuator.v3+json' given [*/*] and supported [application/vnd.spring-boot.actuator.v3+json, application/vnd.spring-boot.actuator.v2+json, application/json]
2025-10-21T15:47:58.973+05:30 DEBUG 53212 --- [oundedElastic-1] .s.w.r.r.m.a.ResponseEntityResultHandler : [e245b01d-20] 0..1 [org.springframework.boot.actuate.health.SystemHealth]
2025-10-21T15:47:58.975+05:30 DEBUG 53212 --- [tor-http-nio-10] r.n.http.server.HttpServerOperations     : [e245b01d-1, L:/[0:0:0:0:0:0:0:1]:8080 - R:/[0:0:0:0:0:0:0:1]:50825] Decreasing pending responses, now 0
2025-10-21T15:47:58.975+05:30 DEBUG 53212 --- [tor-http-nio-10] r.n.http.server.HttpServerOperations     : [e245b01d-1, L:/[0:0:0:0:0:0:0:1]:8080 - R:/[0:0:0:0:0:0:0:1]:50825] Last HTTP response frame
2025-10-21T15:47:58.975+05:30 DEBUG 53212 --- [tor-http-nio-10] r.netty.channel.ChannelOperations        : [e245b01d-1, L:/[0:0:0:0:0:0:0:1]:8080 - R:/[0:0:0:0:0:0:0:1]:50825] [HttpServer] Channel inbound receiver cancelled (subscription disposed).
2025-10-21T15:47:58.975+05:30 DEBUG 53212 --- [tor-http-nio-10] r.n.http.server.HttpServerOperations     : [e245b01d-1, L:/[0:0:0:0:0:0:0:1]:8080 - R:/[0:0:0:0:0:0:0:1]:50825] Last HTTP packet was sent, terminating the channel
2025-10-21T15:48:59.011+05:30 DEBUG 53212 --- [ctor-http-nio-1] r.n.http.server.HttpServerOperations     : [5ce01a96, L:/[0:0:0:0:0:0:0:1]:8080 - R:/[0:0:0:0:0:0:0:1]:50887] New http connection, requesting read
2025-10-21T15:48:59.016+05:30 DEBUG 53212 --- [ctor-http-nio-1] r.netty.transport.TransportConfig        : [5ce01a96, L:/[0:0:0:0:0:0:0:1]:8080 - R:/[0:0:0:0:0:0:0:1]:50887] Initialized pipeline DefaultChannelPipeline{(reactor.left.httpCodec = io.netty.handler.codec.http.HttpServerCodec), (reactor.left.httpTrafficHandler = reactor.netty.http.server.HttpTrafficHandler), (reactor.right.reactiveBridge = reactor.netty.channel.ChannelOperationsHandler)}
2025-10-21T15:48:59.029+05:30 DEBUG 53212 --- [ctor-http-nio-1] r.n.http.server.HttpServerOperations     : [5ce01a96, L:/[0:0:0:0:0:0:0:1]:8080 - R:/[0:0:0:0:0:0:0:1]:50887] Increasing pending responses, now 1
2025-10-21T15:48:59.032+05:30 DEBUG 53212 --- [ctor-http-nio-1] reactor.netty.http.server.HttpServer     : [5ce01a96-1, L:/[0:0:0:0:0:0:0:1]:8080 - R:/[0:0:0:0:0:0:0:1]:50887] Handler is being applied: org.springframework.http.server.reactive.ReactorHttpHandlerAdapter@23dfb84a
2025-10-21T15:48:59.056+05:30 DEBUG 53212 --- [ctor-http-nio-1] reactor.netty.ReactorNetty               : [5ce01a96-1, L:/[0:0:0:0:0:0:0:1]:8080 - R:/[0:0:0:0:0:0:0:1]:50887] Non Removed handler: reactor.left.readTimeoutHandler, context: null, pipeline: DefaultChannelPipeline{(reactor.left.httpCodec = io.netty.handler.codec.http.HttpServerCodec), (reactor.left.httpTrafficHandler = reactor.netty.http.server.HttpTrafficHandler), (reactor.right.reactiveBridge = reactor.netty.channel.ChannelOperationsHandler)}
2025-10-21T15:48:59.057+05:30 DEBUG 53212 --- [oundedElastic-3] .s.w.r.r.m.a.ResponseEntityResultHandler : [5ce01a96-21] Using 'application/vnd.spring-boot.actuator.v3+json' given [*/*] and supported [application/vnd.spring-boot.actuator.v3+json, application/vnd.spring-boot.actuator.v2+json, application/json]
2025-10-21T15:48:59.058+05:30 DEBUG 53212 --- [oundedElastic-3] .s.w.r.r.m.a.ResponseEntityResultHandler : [5ce01a96-21] 0..1 [org.springframework.boot.actuate.health.SystemHealth]
2025-10-21T15:48:59.063+05:30 DEBUG 53212 --- [ctor-http-nio-1] r.n.http.server.HttpServerOperations     : [5ce01a96-1, L:/[0:0:0:0:0:0:0:1]:8080 - R:/[0:0:0:0:0:0:0:1]:50887] Decreasing pending responses, now 0
2025-10-21T15:48:59.065+05:30 DEBUG 53212 --- [ctor-http-nio-1] r.n.http.server.HttpServerOperations     : [5ce01a96-1, L:/[0:0:0:0:0:0:0:1]:8080 - R:/[0:0:0:0:0:0:0:1]:50887] Last HTTP response frame
2025-10-21T15:48:59.065+05:30 DEBUG 53212 --- [ctor-http-nio-1] r.netty.channel.ChannelOperations        : [5ce01a96-1, L:/[0:0:0:0:0:0:0:1]:8080 - R:/[0:0:0:0:0:0:0:1]:50887] [HttpServer] Channel inbound receiver cancelled (subscription disposed).
2025-10-21T15:48:59.065+05:30 DEBUG 53212 --- [ctor-http-nio-1] r.n.http.server.HttpServerOperations     : [5ce01a96-1, L:/[0:0:0:0:0:0:0:1]:8080 - R:/[0:0:0:0:0:0:0:1]:50887] Last HTTP packet was sent, terminating the channel
2025-10-21T15:49:48.083+05:30 DEBUG 53212 --- [ctor-http-nio-2] r.n.http.server.HttpServerOperations     : [fb4d62a4, L:/[0:0:0:0:0:0:0:1]:8080 - R:/[0:0:0:0:0:0:0:1]:50929] New http connection, requesting read
2025-10-21T15:49:48.108+05:30 DEBUG 53212 --- [ctor-http-nio-2] r.netty.transport.TransportConfig        : [fb4d62a4, L:/[0:0:0:0:0:0:0:1]:8080 - R:/[0:0:0:0:0:0:0:1]:50929] Initialized pipeline DefaultChannelPipeline{(reactor.left.httpCodec = io.netty.handler.codec.http.HttpServerCodec), (reactor.left.httpTrafficHandler = reactor.netty.http.server.HttpTrafficHandler), (reactor.right.reactiveBridge = reactor.netty.channel.ChannelOperationsHandler)}
2025-10-21T15:49:48.137+05:30 DEBUG 53212 --- [ctor-http-nio-2] r.n.http.server.HttpServerOperations     : [fb4d62a4, L:/[0:0:0:0:0:0:0:1]:8080 - R:/[0:0:0:0:0:0:0:1]:50929] Increasing pending responses, now 1
2025-10-21T15:49:48.140+05:30 DEBUG 53212 --- [ctor-http-nio-2] reactor.netty.http.server.HttpServer     : [fb4d62a4-1, L:/[0:0:0:0:0:0:0:1]:8080 - R:/[0:0:0:0:0:0:0:1]:50929] Handler is being applied: org.springframework.http.server.reactive.ReactorHttpHandlerAdapter@23dfb84a
2025-10-21T15:49:48.193+05:30 DEBUG 53212 --- [ctor-http-nio-2] reactor.netty.ReactorNetty               : [fb4d62a4-1, L:/[0:0:0:0:0:0:0:1]:8080 - R:/[0:0:0:0:0:0:0:1]:50929] Non Removed handler: reactor.left.readTimeoutHandler, context: null, pipeline: DefaultChannelPipeline{(reactor.left.httpCodec = io.netty.handler.codec.http.HttpServerCodec), (reactor.left.httpTrafficHandler = reactor.netty.http.server.HttpTrafficHandler), (reactor.right.reactiveBridge = reactor.netty.channel.ChannelOperationsHandler)}
2025-10-21T15:49:48.196+05:30 DEBUG 53212 --- [oundedElastic-1] .s.w.r.r.m.a.ResponseEntityResultHandler : [fb4d62a4-22] Using 'application/vnd.spring-boot.actuator.v3+json' given [*/*] and supported [application/vnd.spring-boot.actuator.v3+json, application/vnd.spring-boot.actuator.v2+json, application/json]
2025-10-21T15:49:48.197+05:30 DEBUG 53212 --- [oundedElastic-1] .s.w.r.r.m.a.ResponseEntityResultHandler : [fb4d62a4-22] 0..1 [org.springframework.boot.actuate.health.SystemHealth]
2025-10-21T15:49:48.202+05:30 DEBUG 53212 --- [ctor-http-nio-2] r.n.http.server.HttpServerOperations     : [fb4d62a4-1, L:/[0:0:0:0:0:0:0:1]:8080 - R:/[0:0:0:0:0:0:0:1]:50929] Decreasing pending responses, now 0
2025-10-21T15:49:48.203+05:30 DEBUG 53212 --- [ctor-http-nio-2] r.n.http.server.HttpServerOperations     : [fb4d62a4-1, L:/[0:0:0:0:0:0:0:1]:8080 - R:/[0:0:0:0:0:0:0:1]:50929] Last HTTP response frame
2025-10-21T15:49:48.203+05:30 DEBUG 53212 --- [ctor-http-nio-2] r.netty.channel.ChannelOperations        : [fb4d62a4-1, L:/[0:0:0:0:0:0:0:1]:8080 - R:/[0:0:0:0:0:0:0:1]:50929] [HttpServer] Channel inbound receiver cancelled (subscription disposed).
2025-10-21T15:49:48.203+05:30 DEBUG 53212 --- [ctor-http-nio-2] r.n.http.server.HttpServerOperations     : [fb4d62a4-1, L:/[0:0:0:0:0:0:0:1]:8080 - R:/[0:0:0:0:0:0:0:1]:50929] Last HTTP packet was sent, terminating the channel
2025-10-21T15:49:53.902+05:30 DEBUG 53212 --- [ctor-http-nio-3] r.n.http.server.HttpServerOperations     : [5f22419e, L:/[0:0:0:0:0:0:0:1]:8080 - R:/[0:0:0:0:0:0:0:1]:50939] New http connection, requesting read
2025-10-21T15:49:53.903+05:30 DEBUG 53212 --- [ctor-http-nio-3] r.netty.transport.TransportConfig        : [5f22419e, L:/[0:0:0:0:0:0:0:1]:8080 - R:/[0:0:0:0:0:0:0:1]:50939] Initialized pipeline DefaultChannelPipeline{(reactor.left.httpCodec = io.netty.handler.codec.http.HttpServerCodec), (reactor.left.httpTrafficHandler = reactor.netty.http.server.HttpTrafficHandler), (reactor.right.reactiveBridge = reactor.netty.channel.ChannelOperationsHandler)}
2025-10-21T15:49:53.909+05:30 DEBUG 53212 --- [ctor-http-nio-3] r.n.http.server.HttpServerOperations     : [5f22419e, L:/[0:0:0:0:0:0:0:1]:8080 - R:/[0:0:0:0:0:0:0:1]:50939] Increasing pending responses, now 1
2025-10-21T15:49:53.910+05:30 DEBUG 53212 --- [ctor-http-nio-3] reactor.netty.http.server.HttpServer     : [5f22419e-1, L:/[0:0:0:0:0:0:0:1]:8080 - R:/[0:0:0:0:0:0:0:1]:50939] Handler is being applied: org.springframework.http.server.reactive.ReactorHttpHandlerAdapter@23dfb84a
2025-10-21T15:49:53.914+05:30 DEBUG 53212 --- [ctor-http-nio-3] reactor.netty.ReactorNetty               : [5f22419e-1, L:/[0:0:0:0:0:0:0:1]:8080 - R:/[0:0:0:0:0:0:0:1]:50939] Non Removed handler: reactor.left.readTimeoutHandler, context: null, pipeline: DefaultChannelPipeline{(reactor.left.httpCodec = io.netty.handler.codec.http.HttpServerCodec), (reactor.left.httpTrafficHandler = reactor.netty.http.server.HttpTrafficHandler), (reactor.right.reactiveBridge = reactor.netty.channel.ChannelOperationsHandler)}
2025-10-21T15:49:53.915+05:30 DEBUG 53212 --- [oundedElastic-3] .s.w.r.r.m.a.ResponseEntityResultHandler : [5f22419e-23] Using 'application/vnd.spring-boot.actuator.v3+json' given [*/*] and supported [application/vnd.spring-boot.actuator.v3+json, application/vnd.spring-boot.actuator.v2+json, application/json]
2025-10-21T15:49:53.915+05:30 DEBUG 53212 --- [oundedElastic-3] .s.w.r.r.m.a.ResponseEntityResultHandler : [5f22419e-23] 0..1 [org.springframework.boot.actuate.health.SystemHealth]
2025-10-21T15:49:53.917+05:30 DEBUG 53212 --- [ctor-http-nio-3] r.n.http.server.HttpServerOperations     : [5f22419e-1, L:/[0:0:0:0:0:0:0:1]:8080 - R:/[0:0:0:0:0:0:0:1]:50939] Decreasing pending responses, now 0
2025-10-21T15:49:53.917+05:30 DEBUG 53212 --- [ctor-http-nio-3] r.n.http.server.HttpServerOperations     : [5f22419e-1, L:/[0:0:0:0:0:0:0:1]:8080 - R:/[0:0:0:0:0:0:0:1]:50939] Last HTTP response frame
2025-10-21T15:49:53.917+05:30 DEBUG 53212 --- [ctor-http-nio-3] r.netty.channel.ChannelOperations        : [5f22419e-1, L:/[0:0:0:0:0:0:0:1]:8080 - R:/[0:0:0:0:0:0:0:1]:50939] [HttpServer] Channel inbound receiver cancelled (subscription disposed).
2025-10-21T15:49:53.918+05:30 DEBUG 53212 --- [ctor-http-nio-3] r.n.http.server.HttpServerOperations     : [5f22419e-1, L:/[0:0:0:0:0:0:0:1]:8080 - R:/[0:0:0:0:0:0:0:1]:50939] Last HTTP packet was sent, terminating the channel
